2025-01-10 12:51:32,469 [INFO    ] rgm.runner - Log file created at: experiments/mnist/logs/rgm_pipeline_20250110_125132.log (rgm_logging.py:125)
2025-01-10 12:51:32,470 [INFO    ] rgm.runner - Starting RGM pipeline... (run_rgm.py:90)
2025-01-10 12:51:32,470 [INFO    ] rgm.pipeline - Log file created at: experiments/mnist/logs/rgm_pipeline_20250110_125132.log (rgm_logging.py:125)
2025-01-10 12:51:32,470 [INFO    ] rgm.pipeline - ✓ Logging initialized (pipeline.py:85)
2025-01-10 12:51:32,470 [ERROR   ] rgm.pipeline - Configuration validation failed: Missing required field 'hidden_size' in model section (pipeline.py:132)
2025-01-10 12:51:32,470 [ERROR   ] rgm.runner - Pipeline failed: Missing required field 'hidden_size' in model section (run_rgm.py:120)
Traceback (most recent call last):
  File "/home/trim/Documents/GitHub/pymdp/pymdp/run_rgm.py", line 94, in main
    pipeline = RGMPipeline(
  File "/home/trim/Documents/GitHub/pymdp/pymdp/rgm/pipeline.py", line 60, in __init__
    self.config = self._load_and_validate_config(config_path)
  File "/home/trim/Documents/GitHub/pymdp/pymdp/rgm/pipeline.py", line 129, in _load_and_validate_config
    validator._validate_config(config)
  File "/home/trim/Documents/GitHub/pymdp/pymdp/rgm/utils/rgm_config_validator.py", line 70, in _validate_config
    RGMConfigValidator._validate_model_config(config['model'])
  File "/home/trim/Documents/GitHub/pymdp/pymdp/rgm/utils/rgm_config_validator.py", line 133, in _validate_model_config
    RGMConfigValidator._validate_section(config, 'model', required_fields)
  File "/home/trim/Documents/GitHub/pymdp/pymdp/rgm/utils/rgm_config_validator.py", line 201, in _validate_section
    raise ValueError(f"Missing required field '{field}' in {section_name} section")
ValueError: Missing required field 'hidden_size' in model section
