🚀 PyMDP Example 7: Comprehensive Transition Models with Agent Integration
================================================================================
This example shows how to construct transition models systematically.
Key concepts: B matrices, action effects, temporal dynamics, stochastic transitions
✨ NEW: Complete PyMDP Agent class integration and real-world usage patterns

PHASE 1: Educational B Matrix Construction
--------------------------------------------------
============================================================
DETERMINISTIC TRANSITION MODELS
============================================================
Deterministic transitions: actions have predictable, certain effects.
Example: Simple grid world with perfect movement.

1D Grid World Transitions:
States: ['Left', 'Center', 'Right']
Actions: ['Move Left', 'Move Right']

Move Left:
         From Left  From Center  From Right
To Left       1.0        0.0         0.0
To Center     0.0        1.0         1.0
To Right      0.0        0.0         0.0

Move Right:
         From Left  From Center  From Right
To Left       0.0        0.0         0.0
To Center     1.0        0.0         0.0
To Right      0.0        1.0         1.0

Key insights:
- Each action has deterministic effects
- Boundary conditions prevent going off-grid
- Transition probabilities are 0 or 1

============================================================
STOCHASTIC TRANSITION MODELS
============================================================
Stochastic transitions: actions have uncertain effects.
Example: Noisy robot movement with occasional failures.

Noisy Robot Movement:
Parameters:
- Success probability: 0.8
- Stay in place: 0.15
- Wrong direction: 0.05

Move Left (with noise):
         From Left  From Center  From Right
To Left       1.00        0.80         0.05
To Center     0.00        0.15         0.80
To Right      0.00        0.05         0.15

Move Right (with noise):
         From Left  From Center  From Right
To Left       0.15        0.05         0.00
To Center     0.80        0.15         0.00
To Right      0.05        0.80         1.00

Verification (columns should sum to 1.0):
Action 0, State 0: 1.000
Action 0, State 1: 1.000
Action 0, State 2: 1.000
Action 1, State 0: 1.000
Action 1, State 1: 1.000
Action 1, State 2: 1.000

Key insights:
- Actions have probabilistic effects
- Noise creates uncertainty in outcomes
- Model captures realistic robot behavior

============================================================
MULTI-ACTION TRANSITION MODELS
============================================================
Complex environments have diverse actions with different effects.
Example: Robot with Move, Turn, and Stay actions.

Robot Orientation Control:
States (facing directions): ['North', 'East', 'South', 'West']
Actions: ['Turn Left', 'Turn Right', 'Move Forward']

Turn Left:
           North   East   South   West
To North   0.00   0.00   0.00   1.00
To East    1.00   0.00   0.00   0.00
To South   0.00   1.00   0.00   0.00
To West    0.00   0.00   1.00   0.00

Turn Right:
           North   East   South   West
To North   0.00   1.00   0.00   0.00
To East    0.00   0.00   1.00   0.00
To South   0.00   0.00   0.00   1.00
To West    1.00   0.00   0.00   0.00

Move Forward:
           North   East   South   West
To North   0.90   0.10   0.10   0.10
To East    0.10   0.90   0.10   0.10
To South   0.10   0.10   0.90   0.10
To West    0.10   0.10   0.10   0.90

Key insights:
- Different actions have qualitatively different effects
- Turn actions are deterministic rotations
- Move action preserves orientation but may fail
- Rich action spaces enable complex behaviors

============================================================
TEMPORAL DEPENDENCIES IN TRANSITIONS
============================================================
Some transitions depend on time or previous states.
Example: Traffic light system with timed transitions.

Traffic Light System:
States: ['Green', 'Yellow', 'Red']
Actions: ['Wait', 'Emergency Override']

Wait:
         From Green  From Yellow  From Red
To Green      0.1        0.0        0.8
To Yellow     0.8        0.2        0.0
To Red        0.1        0.8        0.2

Emergency Override:
         From Green  From Yellow  From Red
To Green      0.0        0.0        0.0
To Yellow     0.0        0.0        0.0
To Red        1.0        1.0        1.0

Key insights:
- Wait action follows natural traffic sequence
- Emergency override forces immediate Red state
- Temporal structure encoded in transition probabilities
- Different actions access different dynamics

============================================================
STATE PREDICTION WITH B MATRICES
============================================================
B matrices can predict future states given current beliefs and actions.
Example: Predicting robot location after sequence of moves.

Prediction Example:
Starting belief: [0.33333333 0.33333333 0.33333333]
Action sequence: ['Move Right', 'Move Right', 'Move Left', 'Move Left']

Step 1: Action 'Move Right'
  Predicted belief: [0.06666667 0.31666667 0.61666667]
  Most likely state: Right

Step 2: Action 'Move Right'
  Predicted belief: [0.02583333 0.10083333 0.87333333]
  Most likely state: Right

Step 3: Action 'Move Left'
  Predicted belief: [0.15016667 0.71379167 0.13604167]
  Most likely state: Center

Step 4: Action 'Move Left'
  Predicted belief: [0.72800208 0.21590208 0.05609583]
  Most likely state: Left

Key insights:
- B matrices enable forward prediction
- Uncertainty grows with stochastic transitions
- Can plan by predicting consequences of actions

PHASE 2: PyMDP Agent Integration & Real-World Usage
-------------------------------------------------------

======================================================================
PYMDP AGENT INTEGRATION: TRANSITION MODELS IN ACTION
======================================================================
Demonstrating how transition models (B matrices) work within PyMDP Agent class.
This shows real-world usage patterns for action planning and state prediction.

1. Building Complete POMDP with Transition Models:
-------------------------------------------------------
  Model Components:
    States: 3 (Left, Center, Right)
    Actions: 3 (Stay, Left, Right)
    Observations: 3 (perfect observation)
    Policies: 3 single-step policies

2. Creating PyMDP Agent with Transition Models:
-------------------------------------------------------
✅ PyMDP Agent created successfully!
   Inference algorithm: VANILLA
   Policy length: 1
   Number of policies: 3

3. Agent Behavior with Transition Models:
-------------------------------------------------------
  Demonstrating how B matrices work within PyMDP Agent:
  - Agent has 3 states: ['Left', 'Center', 'Right']
  - Agent has 3 actions: ['Stay', 'Move Left', 'Move Right']
  - Preferences favor the Right state (C = [-1.  0.  2.])

  Testing basic agent methods:
    Calling agent.infer_policies()...
    ✅ Policy probabilities: [0. 0. 1.]
    ✅ Expected free energies: [-0.738 -2.2   -0.2  ]
    → Most preferred action: Move Right
    → This preference computed using B matrices!

    Calling agent.sample_action()...
    ✅ Sampled action: Move Right

4. Transition Model Analysis:
-------------------------------------------------------
  ✅ Agent successfully used B matrices for policy inference
  Key insights from Agent behavior:
    → Preferred action: Move Right
    → Policy probabilities: [0. 0. 1.]
    → These computations directly used our B matrices!

  Educational B matrix examples:
    Action 0 (Stay) B matrix slice:
    [[1. 0. 0.]
 [0. 1. 0.]
 [0. 0. 1.]]
    → Shows transition probabilities for Stay

    Action 1 (Move Left) B matrix slice:
    [[1. 1. 0.]
 [0. 0. 1.]
 [0. 0. 0.]]
    → Shows transition probabilities for Move Left

    Action 2 (Move Right) B matrix slice:
    [[0. 0. 0.]
 [1. 0. 0.]
 [0. 1. 1.]]
    → Shows transition probabilities for Move Right

5. B Matrix Learning Demonstration:
-------------------------------------------------------
  Demonstrating online B matrix learning...
  Experience data (state, action, next_state):
    Center → Move Right → Right
    Left → Move Left → Center
    Right → Move Left → Center
  → B matrix learning would update transition probabilities
  → This enables adaptive behavior in unknown environments

6. Key Insights from Agent Integration:
-------------------------------------------------------
✅ Transition models (B matrices) are central to PyMDP agents
✅ B matrices enable action planning and state prediction
✅ Policy inference uses B matrices to evaluate action consequences
✅ Agent class seamlessly integrates transition models
✅ Online learning can adapt B matrices from experience
✅ Multi-step planning uses repeated B matrix applications

============================================================
VISUALIZATION
============================================================
Transition model visualizations saved to: /home/trim/Documents/GitHub/pymdp/textbook/examples/outputs/07_transition_models/transition_models.png

================================================================================
✅ COMPREHENSIVE TAKEAWAYS: TRANSITION MODELS WITH PYMDP INTEGRATION
================================================================================
🤖 PyMDP Agent integration successful - Real transition model usage demonstrated!

🔧 B MATRIX FOUNDATIONS:
1. B matrices encode P(next_state | current_state, action) relationships
2. Deterministic transitions: actions have certain, predictable effects
3. Stochastic transitions: actions have probabilistic, uncertain effects
4. Multi-action models: different actions create different dynamics
5. Temporal structure: transitions can encode time-dependent patterns
6. State prediction: B matrices enable forward simulation of actions

🚀 PYMDP AGENT INTEGRATION:
7. PyMDP Agent class seamlessly integrates transition models
8. B matrices are central to policy inference and action planning
9. Multi-step policies use repeated B matrix applications
10. Online learning can adapt B matrices from experience
11. Agent behavior emerges from interaction of B, C, and D matrices

🔬 PyMDP Methods Demonstrated:
- pymdp.agent.Agent() for complete POMDP agents
- pymdp.utils.obj_array_zeros() for B matrix structure
- pymdp.utils.random_B_matrix() for generating stochastic transitions
- pymdp.control.sample_action() for action sampling
- pymdp.learning.update_state_likelihood_dirichlet() for B matrix learning
- Agent.infer_policies() using B matrices for policy evaluation

✨ Enhancements Added:
- Complete PyMDP Agent class integration
- Real-world transition model usage patterns
- Multi-step simulation with B matrices
- Enhanced accessibility for all visualizations
- B matrix learning demonstration

➡️  Next: Example 8 will show preferences (C vectors) and action selection

Results saved to: /home/trim/Documents/GitHub/pymdp/textbook/examples/outputs/07_transition_models
