 === Starting experiment === 
 Reward condition: Left arm Better, Observation: [CENTER, No reward, Null]
[Step 0] Action: [Move to CUE LOCATION]
[Step 0] Observation: [CUE LOCATION,  No reward, Cue Left]
[Step 1] Action: [Move to LEFT ARM]
[Step 1] Observation: [LEFT ARM,  Reward!, Null]
[Step 2] Action: [Move to RIGHT ARM]
[Step 2] Observation: [RIGHT ARM,  Loss!, Null]
[Step 3] Action: [Move to LEFT ARM]
[Step 3] Observation: [LEFT ARM,  Reward!, Null]
[Step 4] Action: [Move to LEFT ARM]
[Step 4] Observation: [LEFT ARM,  Reward!, Null]
[Step 5] Action: [Move to LEFT ARM]
[Step 5] Observation: [LEFT ARM,  Reward!, Null]
[Step 6] Action: [Move to LEFT ARM]
[Step 6] Observation: [LEFT ARM,  Reward!, Null]
[Step 7] Action: [Move to LEFT ARM]
[Step 7] Observation: [LEFT ARM,  Reward!, Null]
[Step 8] Action: [Move to LEFT ARM]
[Step 8] Observation: [LEFT ARM,  Reward!, Null]
[Step 9] Action: [Move to LEFT ARM]
[Step 9] Observation: [LEFT ARM,  Reward!, Null]
[Step 10] Action: [Move to LEFT ARM]
[Step 10] Observation: [LEFT ARM,  Reward!, Null]
[Step 11] Action: [Move to LEFT ARM]
[Step 11] Observation: [LEFT ARM,  Reward!, Null]
[Step 12] Action: [Move to LEFT ARM]
[Step 12] Observation: [LEFT ARM,  Reward!, Null]
[Step 13] Action: [Move to LEFT ARM]
[Step 13] Observation: [LEFT ARM,  Reward!, Null]
[Step 14] Action: [Move to LEFT ARM]
[Step 14] Observation: [LEFT ARM,  Reward!, Null]
[Step 15] Action: [Move to LEFT ARM]
[Step 15] Observation: [LEFT ARM,  Reward!, Null]
[Step 16] Action: [Move to LEFT ARM]
[Step 16] Observation: [LEFT ARM,  Reward!, Null]
[Step 17] Action: [Move to LEFT ARM]
[Step 17] Observation: [LEFT ARM,  Reward!, Null]
[Step 18] Action: [Move to LEFT ARM]
[Step 18] Observation: [LEFT ARM,  Reward!, Null]
[Step 19] Action: [Move to LEFT ARM]
[Step 19] Observation: [LEFT ARM,  Reward!, Null]
[Step 20] Action: [Move to LEFT ARM]
[Step 20] Observation: [LEFT ARM,  Reward!, Null]
[Step 21] Action: [Move to LEFT ARM]
[Step 21] Observation: [LEFT ARM,  Reward!, Null]
[Step 22] Action: [Move to LEFT ARM]
[Step 22] Observation: [LEFT ARM,  Reward!, Null]
[Step 23] Action: [Move to LEFT ARM]
[Step 23] Observation: [LEFT ARM,  Reward!, Null]
[Step 24] Action: [Move to LEFT ARM]
[Step 24] Observation: [LEFT ARM,  Loss!, Null]
[Step 25] Action: [Move to LEFT ARM]
[Step 25] Observation: [LEFT ARM,  Reward!, Null]
[Step 26] Action: [Move to LEFT ARM]
[Step 26] Observation: [LEFT ARM,  Reward!, Null]
[Step 27] Action: [Move to LEFT ARM]
[Step 27] Observation: [LEFT ARM,  Reward!, Null]
[Step 28] Action: [Move to LEFT ARM]
[Step 28] Observation: [LEFT ARM,  Reward!, Null]
[Step 29] Action: [Move to LEFT ARM]
[Step 29] Observation: [LEFT ARM,  Reward!, Null]
[Step 30] Action: [Move to LEFT ARM]
[Step 30] Observation: [LEFT ARM,  Reward!, Null]
[Step 31] Action: [Move to LEFT ARM]
[Step 31] Observation: [LEFT ARM,  Reward!, Null]
[Step 32] Action: [Move to LEFT ARM]
[Step 32] Observation: [LEFT ARM,  Reward!, Null]
[Step 33] Action: [Move to LEFT ARM]
[Step 33] Observation: [LEFT ARM,  Reward!, Null]
[Step 34] Action: [Move to LEFT ARM]
[Step 34] Observation: [LEFT ARM,  Reward!, Null]
[Step 35] Action: [Move to LEFT ARM]
[Step 35] Observation: [LEFT ARM,  Reward!, Null]
[Step 36] Action: [Move to LEFT ARM]
[Step 36] Observation: [LEFT ARM,  Reward!, Null]
[Step 37] Action: [Move to LEFT ARM]
[Step 37] Observation: [LEFT ARM,  Loss!, Null]
[Step 38] Action: [Move to LEFT ARM]
[Step 38] Observation: [LEFT ARM,  Loss!, Null]
[Step 39] Action: [Move to LEFT ARM]
[Step 39] Observation: [LEFT ARM,  Loss!, Null]
[Step 40] Action: [Move to LEFT ARM]
[Step 40] Observation: [LEFT ARM,  Reward!, Null]
[Step 41] Action: [Move to LEFT ARM]
[Step 41] Observation: [LEFT ARM,  Reward!, Null]
[Step 42] Action: [Move to LEFT ARM]
[Step 42] Observation: [LEFT ARM,  Reward!, Null]
[Step 43] Action: [Move to LEFT ARM]
[Step 43] Observation: [LEFT ARM,  Reward!, Null]
[Step 44] Action: [Move to LEFT ARM]
[Step 44] Observation: [LEFT ARM,  Reward!, Null]
[Step 45] Action: [Move to LEFT ARM]
[Step 45] Observation: [LEFT ARM,  Loss!, Null]
[Step 46] Action: [Move to LEFT ARM]
[Step 46] Observation: [LEFT ARM,  Reward!, Null]
[Step 47] Action: [Move to LEFT ARM]
[Step 47] Observation: [LEFT ARM,  Reward!, Null]
[Step 48] Action: [Move to LEFT ARM]
[Step 48] Observation: [LEFT ARM,  Loss!, Null]
[Step 49] Action: [Move to LEFT ARM]
[Step 49] Observation: [LEFT ARM,  Reward!, Null]
[Step 50] Action: [Move to LEFT ARM]
[Step 50] Observation: [LEFT ARM,  Reward!, Null]
[Step 51] Action: [Move to LEFT ARM]
[Step 51] Observation: [LEFT ARM,  Reward!, Null]
[Step 52] Action: [Move to LEFT ARM]
[Step 52] Observation: [LEFT ARM,  Reward!, Null]
[Step 53] Action: [Move to LEFT ARM]
[Step 53] Observation: [LEFT ARM,  Reward!, Null]
[Step 54] Action: [Move to LEFT ARM]
[Step 54] Observation: [LEFT ARM,  Reward!, Null]
[Step 55] Action: [Move to LEFT ARM]
[Step 55] Observation: [LEFT ARM,  Reward!, Null]
[Step 56] Action: [Move to LEFT ARM]
[Step 56] Observation: [LEFT ARM,  Reward!, Null]
[Step 57] Action: [Move to LEFT ARM]
[Step 57] Observation: [LEFT ARM,  Reward!, Null]
[Step 58] Action: [Move to LEFT ARM]
[Step 58] Observation: [LEFT ARM,  Reward!, Null]
[Step 59] Action: [Move to LEFT ARM]
[Step 59] Observation: [LEFT ARM,  Loss!, Null]
[Step 60] Action: [Move to LEFT ARM]
[Step 60] Observation: [LEFT ARM,  Loss!, Null]
[Step 61] Action: [Move to LEFT ARM]
[Step 61] Observation: [LEFT ARM,  Reward!, Null]
[Step 62] Action: [Move to LEFT ARM]
[Step 62] Observation: [LEFT ARM,  Reward!, Null]
[Step 63] Action: [Move to LEFT ARM]
[Step 63] Observation: [LEFT ARM,  Reward!, Null]
[Step 64] Action: [Move to LEFT ARM]
[Step 64] Observation: [LEFT ARM,  Reward!, Null]
[Step 65] Action: [Move to LEFT ARM]
[Step 65] Observation: [LEFT ARM,  Reward!, Null]
[Step 66] Action: [Move to LEFT ARM]
[Step 66] Observation: [LEFT ARM,  Loss!, Null]
[Step 67] Action: [Move to LEFT ARM]
[Step 67] Observation: [LEFT ARM,  Reward!, Null]
[Step 68] Action: [Move to LEFT ARM]
[Step 68] Observation: [LEFT ARM,  Reward!, Null]
[Step 69] Action: [Move to LEFT ARM]
[Step 69] Observation: [LEFT ARM,  Reward!, Null]
[Step 70] Action: [Move to LEFT ARM]
[Step 70] Observation: [LEFT ARM,  Reward!, Null]
[Step 71] Action: [Move to LEFT ARM]
[Step 71] Observation: [LEFT ARM,  Loss!, Null]
[Step 72] Action: [Move to LEFT ARM]
[Step 72] Observation: [LEFT ARM,  Reward!, Null]
[Step 73] Action: [Move to LEFT ARM]
[Step 73] Observation: [LEFT ARM,  Loss!, Null]
[Step 74] Action: [Move to LEFT ARM]
[Step 74] Observation: [LEFT ARM,  Reward!, Null]
[Step 75] Action: [Move to LEFT ARM]
[Step 75] Observation: [LEFT ARM,  Reward!, Null]
[Step 76] Action: [Move to LEFT ARM]
[Step 76] Observation: [LEFT ARM,  Loss!, Null]
[Step 77] Action: [Move to LEFT ARM]
[Step 77] Observation: [LEFT ARM,  Reward!, Null]
[Step 78] Action: [Move to LEFT ARM]
[Step 78] Observation: [LEFT ARM,  Reward!, Null]
[Step 79] Action: [Move to LEFT ARM]
[Step 79] Observation: [LEFT ARM,  Loss!, Null]
[Step 80] Action: [Move to LEFT ARM]
[Step 80] Observation: [LEFT ARM,  Loss!, Null]
[Step 81] Action: [Move to LEFT ARM]
[Step 81] Observation: [LEFT ARM,  Reward!, Null]
[Step 82] Action: [Move to LEFT ARM]
[Step 82] Observation: [LEFT ARM,  Reward!, Null]
[Step 83] Action: [Move to LEFT ARM]
[Step 83] Observation: [LEFT ARM,  Reward!, Null]
[Step 84] Action: [Move to LEFT ARM]
[Step 84] Observation: [LEFT ARM,  Reward!, Null]
[Step 85] Action: [Move to LEFT ARM]
[Step 85] Observation: [LEFT ARM,  Reward!, Null]
[Step 86] Action: [Move to LEFT ARM]
[Step 86] Observation: [LEFT ARM,  Reward!, Null]
[Step 87] Action: [Move to LEFT ARM]
[Step 87] Observation: [LEFT ARM,  Reward!, Null]
[Step 88] Action: [Move to LEFT ARM]
[Step 88] Observation: [LEFT ARM,  Reward!, Null]
[Step 89] Action: [Move to LEFT ARM]
[Step 89] Observation: [LEFT ARM,  Reward!, Null]
[Step 90] Action: [Move to LEFT ARM]
[Step 90] Observation: [LEFT ARM,  Reward!, Null]
[Step 91] Action: [Move to LEFT ARM]
[Step 91] Observation: [LEFT ARM,  Reward!, Null]
[Step 92] Action: [Move to LEFT ARM]
[Step 92] Observation: [LEFT ARM,  Reward!, Null]
[Step 93] Action: [Move to LEFT ARM]
[Step 93] Observation: [LEFT ARM,  Reward!, Null]
[Step 94] Action: [Move to LEFT ARM]
[Step 94] Observation: [LEFT ARM,  Reward!, Null]
[Step 95] Action: [Move to LEFT ARM]
[Step 95] Observation: [LEFT ARM,  Reward!, Null]
[Step 96] Action: [Move to LEFT ARM]
[Step 96] Observation: [LEFT ARM,  Reward!, Null]
[Step 97] Action: [Move to LEFT ARM]
[Step 97] Observation: [LEFT ARM,  Reward!, Null]
[Step 98] Action: [Move to LEFT ARM]
[Step 98] Observation: [LEFT ARM,  Reward!, Null]
[Step 99] Action: [Move to LEFT ARM]
[Step 99] Observation: [LEFT ARM,  Loss!, Null]
[Step 100] Action: [Move to LEFT ARM]
[Step 100] Observation: [LEFT ARM,  Reward!, Null]
[Step 101] Action: [Move to LEFT ARM]
[Step 101] Observation: [LEFT ARM,  Reward!, Null]
[Step 102] Action: [Move to LEFT ARM]
[Step 102] Observation: [LEFT ARM,  Reward!, Null]
[Step 103] Action: [Move to LEFT ARM]
[Step 103] Observation: [LEFT ARM,  Reward!, Null]
[Step 104] Action: [Move to LEFT ARM]
[Step 104] Observation: [LEFT ARM,  Loss!, Null]
[Step 105] Action: [Move to LEFT ARM]
[Step 105] Observation: [LEFT ARM,  Reward!, Null]
[Step 106] Action: [Move to LEFT ARM]
[Step 106] Observation: [LEFT ARM,  Reward!, Null]
[Step 107] Action: [Move to LEFT ARM]
[Step 107] Observation: [LEFT ARM,  Reward!, Null]
[Step 108] Action: [Move to LEFT ARM]
[Step 108] Observation: [LEFT ARM,  Reward!, Null]
[Step 109] Action: [Move to LEFT ARM]
[Step 109] Observation: [LEFT ARM,  Reward!, Null]
[Step 110] Action: [Move to LEFT ARM]
[Step 110] Observation: [LEFT ARM,  Reward!, Null]
[Step 111] Action: [Move to LEFT ARM]
[Step 111] Observation: [LEFT ARM,  Loss!, Null]
[Step 112] Action: [Move to LEFT ARM]
[Step 112] Observation: [LEFT ARM,  Reward!, Null]
[Step 113] Action: [Move to LEFT ARM]
[Step 113] Observation: [LEFT ARM,  Loss!, Null]
[Step 114] Action: [Move to LEFT ARM]
[Step 114] Observation: [LEFT ARM,  Reward!, Null]
[Step 115] Action: [Move to LEFT ARM]
[Step 115] Observation: [LEFT ARM,  Loss!, Null]
[Step 116] Action: [Move to LEFT ARM]
[Step 116] Observation: [LEFT ARM,  Reward!, Null]
[Step 117] Action: [Move to LEFT ARM]
[Step 117] Observation: [LEFT ARM,  Reward!, Null]
[Step 118] Action: [Move to LEFT ARM]
[Step 118] Observation: [LEFT ARM,  Reward!, Null]
[Step 119] Action: [Move to LEFT ARM]
[Step 119] Observation: [LEFT ARM,  Reward!, Null]
[Step 120] Action: [Move to LEFT ARM]
[Step 120] Observation: [LEFT ARM,  Reward!, Null]
[Step 121] Action: [Move to LEFT ARM]
[Step 121] Observation: [LEFT ARM,  Reward!, Null]
[Step 122] Action: [Move to LEFT ARM]
[Step 122] Observation: [LEFT ARM,  Reward!, Null]
[Step 123] Action: [Move to LEFT ARM]
[Step 123] Observation: [LEFT ARM,  Reward!, Null]
[Step 124] Action: [Move to LEFT ARM]
[Step 124] Observation: [LEFT ARM,  Reward!, Null]
[Step 125] Action: [Move to LEFT ARM]
[Step 125] Observation: [LEFT ARM,  Reward!, Null]
[Step 126] Action: [Move to LEFT ARM]
[Step 126] Observation: [LEFT ARM,  Reward!, Null]
[Step 127] Action: [Move to LEFT ARM]
[Step 127] Observation: [LEFT ARM,  Loss!, Null]
[Step 128] Action: [Move to LEFT ARM]
[Step 128] Observation: [LEFT ARM,  Reward!, Null]
[Step 129] Action: [Move to LEFT ARM]
[Step 129] Observation: [LEFT ARM,  Reward!, Null]
[Step 130] Action: [Move to LEFT ARM]
[Step 130] Observation: [LEFT ARM,  Reward!, Null]
[Step 131] Action: [Move to LEFT ARM]
[Step 131] Observation: [LEFT ARM,  Reward!, Null]
[Step 132] Action: [Move to LEFT ARM]
[Step 132] Observation: [LEFT ARM,  Reward!, Null]
[Step 133] Action: [Move to LEFT ARM]
[Step 133] Observation: [LEFT ARM,  Reward!, Null]
[Step 134] Action: [Move to LEFT ARM]
[Step 134] Observation: [LEFT ARM,  Reward!, Null]
[Step 135] Action: [Move to LEFT ARM]
[Step 135] Observation: [LEFT ARM,  Reward!, Null]
[Step 136] Action: [Move to LEFT ARM]
[Step 136] Observation: [LEFT ARM,  Reward!, Null]
[Step 137] Action: [Move to LEFT ARM]
[Step 137] Observation: [LEFT ARM,  Reward!, Null]
[Step 138] Action: [Move to LEFT ARM]
[Step 138] Observation: [LEFT ARM,  Loss!, Null]
[Step 139] Action: [Move to LEFT ARM]
[Step 139] Observation: [LEFT ARM,  Loss!, Null]
[Step 140] Action: [Move to LEFT ARM]
[Step 140] Observation: [LEFT ARM,  Reward!, Null]
[Step 141] Action: [Move to LEFT ARM]
[Step 141] Observation: [LEFT ARM,  Reward!, Null]
[Step 142] Action: [Move to LEFT ARM]
[Step 142] Observation: [LEFT ARM,  Reward!, Null]
[Step 143] Action: [Move to LEFT ARM]
[Step 143] Observation: [LEFT ARM,  Reward!, Null]
[Step 144] Action: [Move to LEFT ARM]
[Step 144] Observation: [LEFT ARM,  Reward!, Null]
[Step 145] Action: [Move to LEFT ARM]
[Step 145] Observation: [LEFT ARM,  Reward!, Null]
[Step 146] Action: [Move to LEFT ARM]
[Step 146] Observation: [LEFT ARM,  Reward!, Null]
[Step 147] Action: [Move to LEFT ARM]
[Step 147] Observation: [LEFT ARM,  Reward!, Null]
[Step 148] Action: [Move to LEFT ARM]
[Step 148] Observation: [LEFT ARM,  Reward!, Null]
[Step 149] Action: [Move to LEFT ARM]
[Step 149] Observation: [LEFT ARM,  Reward!, Null]
[Step 150] Action: [Move to LEFT ARM]
[Step 150] Observation: [LEFT ARM,  Reward!, Null]
[Step 151] Action: [Move to LEFT ARM]
[Step 151] Observation: [LEFT ARM,  Reward!, Null]
[Step 152] Action: [Move to LEFT ARM]
[Step 152] Observation: [LEFT ARM,  Reward!, Null]
[Step 153] Action: [Move to LEFT ARM]
[Step 153] Observation: [LEFT ARM,  Reward!, Null]
[Step 154] Action: [Move to LEFT ARM]
[Step 154] Observation: [LEFT ARM,  Reward!, Null]
[Step 155] Action: [Move to LEFT ARM]
[Step 155] Observation: [LEFT ARM,  Loss!, Null]
[Step 156] Action: [Move to LEFT ARM]
[Step 156] Observation: [LEFT ARM,  Reward!, Null]
[Step 157] Action: [Move to LEFT ARM]
[Step 157] Observation: [LEFT ARM,  Loss!, Null]
[Step 158] Action: [Move to LEFT ARM]
[Step 158] Observation: [LEFT ARM,  Reward!, Null]
[Step 159] Action: [Move to LEFT ARM]
[Step 159] Observation: [LEFT ARM,  Reward!, Null]
[Step 160] Action: [Move to LEFT ARM]
[Step 160] Observation: [LEFT ARM,  Loss!, Null]
[Step 161] Action: [Move to LEFT ARM]
[Step 161] Observation: [LEFT ARM,  Reward!, Null]
[Step 162] Action: [Move to LEFT ARM]
[Step 162] Observation: [LEFT ARM,  Loss!, Null]
[Step 163] Action: [Move to LEFT ARM]
[Step 163] Observation: [LEFT ARM,  Reward!, Null]
[Step 164] Action: [Move to LEFT ARM]
[Step 164] Observation: [LEFT ARM,  Reward!, Null]
[Step 165] Action: [Move to LEFT ARM]
[Step 165] Observation: [LEFT ARM,  Reward!, Null]
[Step 166] Action: [Move to LEFT ARM]
[Step 166] Observation: [LEFT ARM,  Reward!, Null]
[Step 167] Action: [Move to LEFT ARM]
[Step 167] Observation: [LEFT ARM,  Reward!, Null]
[Step 168] Action: [Move to LEFT ARM]
[Step 168] Observation: [LEFT ARM,  Reward!, Null]
[Step 169] Action: [Move to LEFT ARM]
[Step 169] Observation: [LEFT ARM,  Reward!, Null]
[Step 170] Action: [Move to LEFT ARM]
[Step 170] Observation: [LEFT ARM,  Loss!, Null]
[Step 171] Action: [Move to LEFT ARM]
[Step 171] Observation: [LEFT ARM,  Reward!, Null]
[Step 172] Action: [Move to LEFT ARM]
[Step 172] Observation: [LEFT ARM,  Reward!, Null]
[Step 173] Action: [Move to LEFT ARM]
[Step 173] Observation: [LEFT ARM,  Reward!, Null]
[Step 174] Action: [Move to LEFT ARM]
[Step 174] Observation: [LEFT ARM,  Reward!, Null]
[Step 175] Action: [Move to LEFT ARM]
[Step 175] Observation: [LEFT ARM,  Reward!, Null]
[Step 176] Action: [Move to LEFT ARM]
[Step 176] Observation: [LEFT ARM,  Loss!, Null]
[Step 177] Action: [Move to LEFT ARM]
[Step 177] Observation: [LEFT ARM,  Reward!, Null]
[Step 178] Action: [Move to LEFT ARM]
[Step 178] Observation: [LEFT ARM,  Loss!, Null]
[Step 179] Action: [Move to LEFT ARM]
[Step 179] Observation: [LEFT ARM,  Loss!, Null]
[Step 180] Action: [Move to LEFT ARM]
[Step 180] Observation: [LEFT ARM,  Loss!, Null]
[Step 181] Action: [Move to LEFT ARM]
[Step 181] Observation: [LEFT ARM,  Reward!, Null]
[Step 182] Action: [Move to LEFT ARM]
[Step 182] Observation: [LEFT ARM,  Reward!, Null]
[Step 183] Action: [Move to LEFT ARM]
[Step 183] Observation: [LEFT ARM,  Reward!, Null]
[Step 184] Action: [Move to LEFT ARM]
[Step 184] Observation: [LEFT ARM,  Reward!, Null]
[Step 185] Action: [Move to LEFT ARM]
[Step 185] Observation: [LEFT ARM,  Reward!, Null]
[Step 186] Action: [Move to LEFT ARM]
[Step 186] Observation: [LEFT ARM,  Loss!, Null]
[Step 187] Action: [Move to LEFT ARM]
[Step 187] Observation: [LEFT ARM,  Reward!, Null]
[Step 188] Action: [Move to LEFT ARM]
[Step 188] Observation: [LEFT ARM,  Reward!, Null]
[Step 189] Action: [Move to LEFT ARM]
[Step 189] Observation: [LEFT ARM,  Reward!, Null]
[Step 190] Action: [Move to LEFT ARM]
[Step 190] Observation: [LEFT ARM,  Reward!, Null]
[Step 191] Action: [Move to LEFT ARM]
[Step 191] Observation: [LEFT ARM,  Reward!, Null]
[Step 192] Action: [Move to LEFT ARM]
[Step 192] Observation: [LEFT ARM,  Reward!, Null]
[Step 193] Action: [Move to LEFT ARM]
[Step 193] Observation: [LEFT ARM,  Reward!, Null]
[Step 194] Action: [Move to LEFT ARM]
[Step 194] Observation: [LEFT ARM,  Reward!, Null]
[Step 195] Action: [Move to LEFT ARM]
[Step 195] Observation: [LEFT ARM,  Loss!, Null]
[Step 196] Action: [Move to LEFT ARM]
[Step 196] Observation: [LEFT ARM,  Reward!, Null]
[Step 197] Action: [Move to LEFT ARM]
[Step 197] Observation: [LEFT ARM,  Reward!, Null]
[Step 198] Action: [Move to LEFT ARM]
[Step 198] Observation: [LEFT ARM,  Loss!, Null]
[Step 199] Action: [Move to LEFT ARM]
[Step 199] Observation: [LEFT ARM,  Reward!, Null]
[Step 200] Action: [Move to LEFT ARM]
[Step 200] Observation: [LEFT ARM,  Reward!, Null]
[Step 201] Action: [Move to LEFT ARM]
[Step 201] Observation: [LEFT ARM,  Reward!, Null]
[Step 202] Action: [Move to LEFT ARM]
[Step 202] Observation: [LEFT ARM,  Reward!, Null]
[Step 203] Action: [Move to LEFT ARM]
[Step 203] Observation: [LEFT ARM,  Reward!, Null]
[Step 204] Action: [Move to LEFT ARM]
[Step 204] Observation: [LEFT ARM,  Reward!, Null]
[Step 205] Action: [Move to LEFT ARM]
[Step 205] Observation: [LEFT ARM,  Reward!, Null]
[Step 206] Action: [Move to LEFT ARM]
[Step 206] Observation: [LEFT ARM,  Reward!, Null]
[Step 207] Action: [Move to LEFT ARM]
[Step 207] Observation: [LEFT ARM,  Reward!, Null]
[Step 208] Action: [Move to LEFT ARM]
[Step 208] Observation: [LEFT ARM,  Loss!, Null]
[Step 209] Action: [Move to LEFT ARM]
[Step 209] Observation: [LEFT ARM,  Loss!, Null]
[Step 210] Action: [Move to LEFT ARM]
[Step 210] Observation: [LEFT ARM,  Reward!, Null]
[Step 211] Action: [Move to LEFT ARM]
[Step 211] Observation: [LEFT ARM,  Reward!, Null]
[Step 212] Action: [Move to LEFT ARM]
[Step 212] Observation: [LEFT ARM,  Reward!, Null]
[Step 213] Action: [Move to LEFT ARM]
[Step 213] Observation: [LEFT ARM,  Reward!, Null]
[Step 214] Action: [Move to LEFT ARM]
[Step 214] Observation: [LEFT ARM,  Reward!, Null]
[Step 215] Action: [Move to LEFT ARM]
[Step 215] Observation: [LEFT ARM,  Reward!, Null]
[Step 216] Action: [Move to LEFT ARM]
[Step 216] Observation: [LEFT ARM,  Loss!, Null]
[Step 217] Action: [Move to LEFT ARM]
[Step 217] Observation: [LEFT ARM,  Reward!, Null]
[Step 218] Action: [Move to LEFT ARM]
[Step 218] Observation: [LEFT ARM,  Reward!, Null]
[Step 219] Action: [Move to LEFT ARM]
[Step 219] Observation: [LEFT ARM,  Reward!, Null]
[Step 220] Action: [Move to LEFT ARM]
[Step 220] Observation: [LEFT ARM,  Reward!, Null]
[Step 221] Action: [Move to LEFT ARM]
[Step 221] Observation: [LEFT ARM,  Reward!, Null]
[Step 222] Action: [Move to LEFT ARM]
[Step 222] Observation: [LEFT ARM,  Reward!, Null]
[Step 223] Action: [Move to LEFT ARM]
[Step 223] Observation: [LEFT ARM,  Reward!, Null]
[Step 224] Action: [Move to LEFT ARM]
[Step 224] Observation: [LEFT ARM,  Reward!, Null]
[Step 225] Action: [Move to LEFT ARM]
[Step 225] Observation: [LEFT ARM,  Reward!, Null]
[Step 226] Action: [Move to LEFT ARM]
[Step 226] Observation: [LEFT ARM,  Reward!, Null]
[Step 227] Action: [Move to LEFT ARM]
[Step 227] Observation: [LEFT ARM,  Reward!, Null]
[Step 228] Action: [Move to LEFT ARM]
[Step 228] Observation: [LEFT ARM,  Reward!, Null]
[Step 229] Action: [Move to LEFT ARM]
[Step 229] Observation: [LEFT ARM,  Reward!, Null]
[Step 230] Action: [Move to LEFT ARM]
[Step 230] Observation: [LEFT ARM,  Reward!, Null]
[Step 231] Action: [Move to LEFT ARM]
[Step 231] Observation: [LEFT ARM,  Reward!, Null]
[Step 232] Action: [Move to LEFT ARM]
[Step 232] Observation: [LEFT ARM,  Reward!, Null]
[Step 233] Action: [Move to LEFT ARM]
[Step 233] Observation: [LEFT ARM,  Reward!, Null]
[Step 234] Action: [Move to LEFT ARM]
[Step 234] Observation: [LEFT ARM,  Reward!, Null]
[Step 235] Action: [Move to LEFT ARM]
[Step 235] Observation: [LEFT ARM,  Reward!, Null]
[Step 236] Action: [Move to LEFT ARM]
[Step 236] Observation: [LEFT ARM,  Reward!, Null]
[Step 237] Action: [Move to LEFT ARM]
[Step 237] Observation: [LEFT ARM,  Reward!, Null]
[Step 238] Action: [Move to LEFT ARM]
[Step 238] Observation: [LEFT ARM,  Reward!, Null]
[Step 239] Action: [Move to LEFT ARM]
[Step 239] Observation: [LEFT ARM,  Reward!, Null]
[Step 240] Action: [Move to LEFT ARM]
[Step 240] Observation: [LEFT ARM,  Reward!, Null]
[Step 241] Action: [Move to LEFT ARM]
[Step 241] Observation: [LEFT ARM,  Reward!, Null]
[Step 242] Action: [Move to LEFT ARM]
[Step 242] Observation: [LEFT ARM,  Reward!, Null]
[Step 243] Action: [Move to LEFT ARM]
[Step 243] Observation: [LEFT ARM,  Reward!, Null]
[Step 244] Action: [Move to LEFT ARM]
[Step 244] Observation: [LEFT ARM,  Loss!, Null]
[Step 245] Action: [Move to LEFT ARM]
[Step 245] Observation: [LEFT ARM,  Reward!, Null]
[Step 246] Action: [Move to LEFT ARM]
[Step 246] Observation: [LEFT ARM,  Reward!, Null]
[Step 247] Action: [Move to LEFT ARM]
[Step 247] Observation: [LEFT ARM,  Loss!, Null]
[Step 248] Action: [Move to LEFT ARM]
[Step 248] Observation: [LEFT ARM,  Reward!, Null]
[Step 249] Action: [Move to LEFT ARM]
[Step 249] Observation: [LEFT ARM,  Loss!, Null]
[Step 250] Action: [Move to LEFT ARM]
[Step 250] Observation: [LEFT ARM,  Loss!, Null]
[Step 251] Action: [Move to LEFT ARM]
[Step 251] Observation: [LEFT ARM,  Reward!, Null]
[Step 252] Action: [Move to LEFT ARM]
[Step 252] Observation: [LEFT ARM,  Reward!, Null]
[Step 253] Action: [Move to LEFT ARM]
[Step 253] Observation: [LEFT ARM,  Reward!, Null]
[Step 254] Action: [Move to LEFT ARM]
[Step 254] Observation: [LEFT ARM,  Reward!, Null]
[Step 255] Action: [Move to LEFT ARM]
[Step 255] Observation: [LEFT ARM,  Reward!, Null]
[Step 256] Action: [Move to LEFT ARM]
[Step 256] Observation: [LEFT ARM,  Reward!, Null]
[Step 257] Action: [Move to LEFT ARM]
[Step 257] Observation: [LEFT ARM,  Reward!, Null]
[Step 258] Action: [Move to LEFT ARM]
[Step 258] Observation: [LEFT ARM,  Reward!, Null]
[Step 259] Action: [Move to LEFT ARM]
[Step 259] Observation: [LEFT ARM,  Reward!, Null]
[Step 260] Action: [Move to LEFT ARM]
[Step 260] Observation: [LEFT ARM,  Reward!, Null]
[Step 261] Action: [Move to LEFT ARM]
[Step 261] Observation: [LEFT ARM,  Reward!, Null]
[Step 262] Action: [Move to LEFT ARM]
[Step 262] Observation: [LEFT ARM,  Reward!, Null]
[Step 263] Action: [Move to LEFT ARM]
[Step 263] Observation: [LEFT ARM,  Reward!, Null]
[Step 264] Action: [Move to LEFT ARM]
[Step 264] Observation: [LEFT ARM,  Loss!, Null]
[Step 265] Action: [Move to LEFT ARM]
[Step 265] Observation: [LEFT ARM,  Reward!, Null]
[Step 266] Action: [Move to LEFT ARM]
[Step 266] Observation: [LEFT ARM,  Loss!, Null]
[Step 267] Action: [Move to LEFT ARM]
[Step 267] Observation: [LEFT ARM,  Reward!, Null]
[Step 268] Action: [Move to LEFT ARM]
[Step 268] Observation: [LEFT ARM,  Reward!, Null]
[Step 269] Action: [Move to LEFT ARM]
[Step 269] Observation: [LEFT ARM,  Reward!, Null]
[Step 270] Action: [Move to LEFT ARM]
[Step 270] Observation: [LEFT ARM,  Reward!, Null]
[Step 271] Action: [Move to LEFT ARM]
[Step 271] Observation: [LEFT ARM,  Reward!, Null]
[Step 272] Action: [Move to LEFT ARM]
[Step 272] Observation: [LEFT ARM,  Reward!, Null]
[Step 273] Action: [Move to LEFT ARM]
[Step 273] Observation: [LEFT ARM,  Reward!, Null]
[Step 274] Action: [Move to LEFT ARM]
[Step 274] Observation: [LEFT ARM,  Loss!, Null]
[Step 275] Action: [Move to LEFT ARM]
[Step 275] Observation: [LEFT ARM,  Reward!, Null]
[Step 276] Action: [Move to LEFT ARM]
[Step 276] Observation: [LEFT ARM,  Loss!, Null]
[Step 277] Action: [Move to LEFT ARM]
[Step 277] Observation: [LEFT ARM,  Reward!, Null]
[Step 278] Action: [Move to LEFT ARM]
[Step 278] Observation: [LEFT ARM,  Reward!, Null]
[Step 279] Action: [Move to LEFT ARM]
[Step 279] Observation: [LEFT ARM,  Reward!, Null]
[Step 280] Action: [Move to LEFT ARM]
[Step 280] Observation: [LEFT ARM,  Loss!, Null]
[Step 281] Action: [Move to LEFT ARM]
[Step 281] Observation: [LEFT ARM,  Loss!, Null]
[Step 282] Action: [Move to LEFT ARM]
[Step 282] Observation: [LEFT ARM,  Loss!, Null]
[Step 283] Action: [Move to LEFT ARM]
[Step 283] Observation: [LEFT ARM,  Loss!, Null]
[Step 284] Action: [Move to LEFT ARM]
[Step 284] Observation: [LEFT ARM,  Reward!, Null]
[Step 285] Action: [Move to LEFT ARM]
[Step 285] Observation: [LEFT ARM,  Reward!, Null]
[Step 286] Action: [Move to LEFT ARM]
[Step 286] Observation: [LEFT ARM,  Reward!, Null]
[Step 287] Action: [Move to LEFT ARM]
[Step 287] Observation: [LEFT ARM,  Reward!, Null]
[Step 288] Action: [Move to LEFT ARM]
[Step 288] Observation: [LEFT ARM,  Reward!, Null]
[Step 289] Action: [Move to LEFT ARM]
[Step 289] Observation: [LEFT ARM,  Reward!, Null]
[Step 290] Action: [Move to LEFT ARM]
[Step 290] Observation: [LEFT ARM,  Reward!, Null]
[Step 291] Action: [Move to LEFT ARM]
[Step 291] Observation: [LEFT ARM,  Reward!, Null]
[Step 292] Action: [Move to LEFT ARM]
[Step 292] Observation: [LEFT ARM,  Reward!, Null]
[Step 293] Action: [Move to LEFT ARM]
[Step 293] Observation: [LEFT ARM,  Reward!, Null]
[Step 294] Action: [Move to LEFT ARM]
[Step 294] Observation: [LEFT ARM,  Reward!, Null]
[Step 295] Action: [Move to LEFT ARM]
[Step 295] Observation: [LEFT ARM,  Reward!, Null]
[Step 296] Action: [Move to LEFT ARM]
[Step 296] Observation: [LEFT ARM,  Reward!, Null]
[Step 297] Action: [Move to LEFT ARM]
[Step 297] Observation: [LEFT ARM,  Reward!, Null]
[Step 298] Action: [Move to LEFT ARM]
[Step 298] Observation: [LEFT ARM,  Reward!, Null]
[Step 299] Action: [Move to LEFT ARM]
[Step 299] Observation: [LEFT ARM,  Reward!, Null]
[Step 300] Action: [Move to LEFT ARM]
[Step 300] Observation: [LEFT ARM,  Reward!, Null]
[Step 301] Action: [Move to LEFT ARM]
[Step 301] Observation: [LEFT ARM,  Reward!, Null]
[Step 302] Action: [Move to LEFT ARM]
[Step 302] Observation: [LEFT ARM,  Reward!, Null]
[Step 303] Action: [Move to LEFT ARM]
[Step 303] Observation: [LEFT ARM,  Reward!, Null]
[Step 304] Action: [Move to LEFT ARM]
[Step 304] Observation: [LEFT ARM,  Loss!, Null]
[Step 305] Action: [Move to LEFT ARM]
[Step 305] Observation: [LEFT ARM,  Reward!, Null]
[Step 306] Action: [Move to LEFT ARM]
[Step 306] Observation: [LEFT ARM,  Reward!, Null]
[Step 307] Action: [Move to LEFT ARM]
[Step 307] Observation: [LEFT ARM,  Reward!, Null]
[Step 308] Action: [Move to LEFT ARM]
[Step 308] Observation: [LEFT ARM,  Reward!, Null]
[Step 309] Action: [Move to LEFT ARM]
[Step 309] Observation: [LEFT ARM,  Reward!, Null]
[Step 310] Action: [Move to LEFT ARM]
[Step 310] Observation: [LEFT ARM,  Reward!, Null]
[Step 311] Action: [Move to LEFT ARM]
[Step 311] Observation: [LEFT ARM,  Reward!, Null]
[Step 312] Action: [Move to LEFT ARM]
[Step 312] Observation: [LEFT ARM,  Reward!, Null]
[Step 313] Action: [Move to LEFT ARM]
[Step 313] Observation: [LEFT ARM,  Reward!, Null]
[Step 314] Action: [Move to LEFT ARM]
[Step 314] Observation: [LEFT ARM,  Reward!, Null]
[Step 315] Action: [Move to LEFT ARM]
[Step 315] Observation: [LEFT ARM,  Reward!, Null]
[Step 316] Action: [Move to LEFT ARM]
[Step 316] Observation: [LEFT ARM,  Reward!, Null]
[Step 317] Action: [Move to LEFT ARM]
[Step 317] Observation: [LEFT ARM,  Reward!, Null]
[Step 318] Action: [Move to LEFT ARM]
[Step 318] Observation: [LEFT ARM,  Loss!, Null]
[Step 319] Action: [Move to LEFT ARM]
[Step 319] Observation: [LEFT ARM,  Reward!, Null]
[Step 320] Action: [Move to LEFT ARM]
[Step 320] Observation: [LEFT ARM,  Loss!, Null]
[Step 321] Action: [Move to LEFT ARM]
[Step 321] Observation: [LEFT ARM,  Loss!, Null]
[Step 322] Action: [Move to LEFT ARM]
[Step 322] Observation: [LEFT ARM,  Reward!, Null]
[Step 323] Action: [Move to LEFT ARM]
[Step 323] Observation: [LEFT ARM,  Loss!, Null]
[Step 324] Action: [Move to LEFT ARM]
[Step 324] Observation: [LEFT ARM,  Loss!, Null]
[Step 325] Action: [Move to LEFT ARM]
[Step 325] Observation: [LEFT ARM,  Loss!, Null]
[Step 326] Action: [Move to LEFT ARM]
[Step 326] Observation: [LEFT ARM,  Reward!, Null]
[Step 327] Action: [Move to LEFT ARM]
[Step 327] Observation: [LEFT ARM,  Reward!, Null]
[Step 328] Action: [Move to LEFT ARM]
[Step 328] Observation: [LEFT ARM,  Reward!, Null]
[Step 329] Action: [Move to LEFT ARM]
[Step 329] Observation: [LEFT ARM,  Loss!, Null]
[Step 330] Action: [Move to LEFT ARM]
[Step 330] Observation: [LEFT ARM,  Reward!, Null]
[Step 331] Action: [Move to LEFT ARM]
[Step 331] Observation: [LEFT ARM,  Reward!, Null]
[Step 332] Action: [Move to LEFT ARM]
[Step 332] Observation: [LEFT ARM,  Reward!, Null]
[Step 333] Action: [Move to LEFT ARM]
[Step 333] Observation: [LEFT ARM,  Loss!, Null]
[Step 334] Action: [Move to LEFT ARM]
[Step 334] Observation: [LEFT ARM,  Reward!, Null]
[Step 335] Action: [Move to LEFT ARM]
[Step 335] Observation: [LEFT ARM,  Reward!, Null]
[Step 336] Action: [Move to LEFT ARM]
[Step 336] Observation: [LEFT ARM,  Reward!, Null]
[Step 337] Action: [Move to LEFT ARM]
[Step 337] Observation: [LEFT ARM,  Reward!, Null]
[Step 338] Action: [Move to LEFT ARM]
[Step 338] Observation: [LEFT ARM,  Reward!, Null]
[Step 339] Action: [Move to LEFT ARM]
[Step 339] Observation: [LEFT ARM,  Reward!, Null]
[Step 340] Action: [Move to LEFT ARM]
[Step 340] Observation: [LEFT ARM,  Loss!, Null]
[Step 341] Action: [Move to LEFT ARM]
[Step 341] Observation: [LEFT ARM,  Reward!, Null]
[Step 342] Action: [Move to LEFT ARM]
[Step 342] Observation: [LEFT ARM,  Reward!, Null]
[Step 343] Action: [Move to LEFT ARM]
[Step 343] Observation: [LEFT ARM,  Reward!, Null]
[Step 344] Action: [Move to LEFT ARM]
[Step 344] Observation: [LEFT ARM,  Reward!, Null]
[Step 345] Action: [Move to LEFT ARM]
[Step 345] Observation: [LEFT ARM,  Reward!, Null]
[Step 346] Action: [Move to LEFT ARM]
[Step 346] Observation: [LEFT ARM,  Reward!, Null]
[Step 347] Action: [Move to LEFT ARM]
[Step 347] Observation: [LEFT ARM,  Reward!, Null]
[Step 348] Action: [Move to LEFT ARM]
[Step 348] Observation: [LEFT ARM,  Reward!, Null]
[Step 349] Action: [Move to LEFT ARM]
[Step 349] Observation: [LEFT ARM,  Reward!, Null]
[Step 350] Action: [Move to LEFT ARM]
[Step 350] Observation: [LEFT ARM,  Reward!, Null]
[Step 351] Action: [Move to LEFT ARM]
[Step 351] Observation: [LEFT ARM,  Reward!, Null]
[Step 352] Action: [Move to LEFT ARM]
[Step 352] Observation: [LEFT ARM,  Reward!, Null]
[Step 353] Action: [Move to LEFT ARM]
[Step 353] Observation: [LEFT ARM,  Reward!, Null]
[Step 354] Action: [Move to LEFT ARM]
[Step 354] Observation: [LEFT ARM,  Reward!, Null]
[Step 355] Action: [Move to LEFT ARM]
[Step 355] Observation: [LEFT ARM,  Reward!, Null]
[Step 356] Action: [Move to LEFT ARM]
[Step 356] Observation: [LEFT ARM,  Reward!, Null]
[Step 357] Action: [Move to LEFT ARM]
[Step 357] Observation: [LEFT ARM,  Reward!, Null]
[Step 358] Action: [Move to LEFT ARM]
[Step 358] Observation: [LEFT ARM,  Reward!, Null]
[Step 359] Action: [Move to LEFT ARM]
[Step 359] Observation: [LEFT ARM,  Reward!, Null]
[Step 360] Action: [Move to LEFT ARM]
[Step 360] Observation: [LEFT ARM,  Reward!, Null]
[Step 361] Action: [Move to LEFT ARM]
[Step 361] Observation: [LEFT ARM,  Loss!, Null]
[Step 362] Action: [Move to LEFT ARM]
[Step 362] Observation: [LEFT ARM,  Reward!, Null]
[Step 363] Action: [Move to LEFT ARM]
[Step 363] Observation: [LEFT ARM,  Reward!, Null]
[Step 364] Action: [Move to LEFT ARM]
[Step 364] Observation: [LEFT ARM,  Reward!, Null]
[Step 365] Action: [Move to LEFT ARM]
[Step 365] Observation: [LEFT ARM,  Loss!, Null]
[Step 366] Action: [Move to LEFT ARM]
[Step 366] Observation: [LEFT ARM,  Reward!, Null]
[Step 367] Action: [Move to LEFT ARM]
[Step 367] Observation: [LEFT ARM,  Reward!, Null]
[Step 368] Action: [Move to LEFT ARM]
[Step 368] Observation: [LEFT ARM,  Reward!, Null]
[Step 369] Action: [Move to LEFT ARM]
[Step 369] Observation: [LEFT ARM,  Reward!, Null]
[Step 370] Action: [Move to LEFT ARM]
[Step 370] Observation: [LEFT ARM,  Reward!, Null]
[Step 371] Action: [Move to LEFT ARM]
[Step 371] Observation: [LEFT ARM,  Reward!, Null]
[Step 372] Action: [Move to LEFT ARM]
[Step 372] Observation: [LEFT ARM,  Reward!, Null]
[Step 373] Action: [Move to LEFT ARM]
[Step 373] Observation: [LEFT ARM,  Reward!, Null]
[Step 374] Action: [Move to LEFT ARM]
[Step 374] Observation: [LEFT ARM,  Reward!, Null]
[Step 375] Action: [Move to LEFT ARM]
[Step 375] Observation: [LEFT ARM,  Reward!, Null]
[Step 376] Action: [Move to LEFT ARM]
[Step 376] Observation: [LEFT ARM,  Reward!, Null]
[Step 377] Action: [Move to LEFT ARM]
[Step 377] Observation: [LEFT ARM,  Reward!, Null]
[Step 378] Action: [Move to LEFT ARM]
[Step 378] Observation: [LEFT ARM,  Reward!, Null]
[Step 379] Action: [Move to LEFT ARM]
[Step 379] Observation: [LEFT ARM,  Reward!, Null]
[Step 380] Action: [Move to LEFT ARM]
[Step 380] Observation: [LEFT ARM,  Loss!, Null]
[Step 381] Action: [Move to LEFT ARM]
[Step 381] Observation: [LEFT ARM,  Reward!, Null]
[Step 382] Action: [Move to LEFT ARM]
[Step 382] Observation: [LEFT ARM,  Reward!, Null]
[Step 383] Action: [Move to LEFT ARM]
[Step 383] Observation: [LEFT ARM,  Reward!, Null]
[Step 384] Action: [Move to LEFT ARM]
[Step 384] Observation: [LEFT ARM,  Reward!, Null]
[Step 385] Action: [Move to LEFT ARM]
[Step 385] Observation: [LEFT ARM,  Reward!, Null]
[Step 386] Action: [Move to LEFT ARM]
[Step 386] Observation: [LEFT ARM,  Reward!, Null]
[Step 387] Action: [Move to LEFT ARM]
[Step 387] Observation: [LEFT ARM,  Reward!, Null]
[Step 388] Action: [Move to LEFT ARM]
[Step 388] Observation: [LEFT ARM,  Reward!, Null]
[Step 389] Action: [Move to LEFT ARM]
[Step 389] Observation: [LEFT ARM,  Reward!, Null]
[Step 390] Action: [Move to LEFT ARM]
[Step 390] Observation: [LEFT ARM,  Reward!, Null]
[Step 391] Action: [Move to LEFT ARM]
[Step 391] Observation: [LEFT ARM,  Reward!, Null]
[Step 392] Action: [Move to LEFT ARM]
[Step 392] Observation: [LEFT ARM,  Reward!, Null]
[Step 393] Action: [Move to LEFT ARM]
[Step 393] Observation: [LEFT ARM,  Reward!, Null]
[Step 394] Action: [Move to LEFT ARM]
[Step 394] Observation: [LEFT ARM,  Reward!, Null]
[Step 395] Action: [Move to LEFT ARM]
[Step 395] Observation: [LEFT ARM,  Loss!, Null]
[Step 396] Action: [Move to LEFT ARM]
[Step 396] Observation: [LEFT ARM,  Reward!, Null]
[Step 397] Action: [Move to LEFT ARM]
[Step 397] Observation: [LEFT ARM,  Reward!, Null]
[Step 398] Action: [Move to LEFT ARM]
[Step 398] Observation: [LEFT ARM,  Reward!, Null]
[Step 399] Action: [Move to LEFT ARM]
[Step 399] Observation: [LEFT ARM,  Reward!, Null]
[Step 400] Action: [Move to LEFT ARM]
[Step 400] Observation: [LEFT ARM,  Reward!, Null]
[Step 401] Action: [Move to LEFT ARM]
[Step 401] Observation: [LEFT ARM,  Reward!, Null]
[Step 402] Action: [Move to LEFT ARM]
[Step 402] Observation: [LEFT ARM,  Reward!, Null]
[Step 403] Action: [Move to LEFT ARM]
[Step 403] Observation: [LEFT ARM,  Reward!, Null]
[Step 404] Action: [Move to LEFT ARM]
[Step 404] Observation: [LEFT ARM,  Reward!, Null]
[Step 405] Action: [Move to LEFT ARM]
[Step 405] Observation: [LEFT ARM,  Loss!, Null]
[Step 406] Action: [Move to LEFT ARM]
[Step 406] Observation: [LEFT ARM,  Reward!, Null]
[Step 407] Action: [Move to LEFT ARM]
[Step 407] Observation: [LEFT ARM,  Reward!, Null]
[Step 408] Action: [Move to LEFT ARM]
[Step 408] Observation: [LEFT ARM,  Reward!, Null]
[Step 409] Action: [Move to LEFT ARM]
[Step 409] Observation: [LEFT ARM,  Reward!, Null]
[Step 410] Action: [Move to LEFT ARM]
[Step 410] Observation: [LEFT ARM,  Reward!, Null]
[Step 411] Action: [Move to LEFT ARM]
[Step 411] Observation: [LEFT ARM,  Reward!, Null]
[Step 412] Action: [Move to LEFT ARM]
[Step 412] Observation: [LEFT ARM,  Reward!, Null]
[Step 413] Action: [Move to LEFT ARM]
[Step 413] Observation: [LEFT ARM,  Reward!, Null]
[Step 414] Action: [Move to LEFT ARM]
[Step 414] Observation: [LEFT ARM,  Loss!, Null]
[Step 415] Action: [Move to LEFT ARM]
[Step 415] Observation: [LEFT ARM,  Reward!, Null]
[Step 416] Action: [Move to LEFT ARM]
[Step 416] Observation: [LEFT ARM,  Reward!, Null]
[Step 417] Action: [Move to LEFT ARM]
[Step 417] Observation: [LEFT ARM,  Reward!, Null]
[Step 418] Action: [Move to LEFT ARM]
[Step 418] Observation: [LEFT ARM,  Loss!, Null]
[Step 419] Action: [Move to LEFT ARM]
[Step 419] Observation: [LEFT ARM,  Reward!, Null]
[Step 420] Action: [Move to LEFT ARM]
[Step 420] Observation: [LEFT ARM,  Reward!, Null]
[Step 421] Action: [Move to LEFT ARM]
[Step 421] Observation: [LEFT ARM,  Reward!, Null]
[Step 422] Action: [Move to LEFT ARM]
[Step 422] Observation: [LEFT ARM,  Reward!, Null]
[Step 423] Action: [Move to LEFT ARM]
[Step 423] Observation: [LEFT ARM,  Reward!, Null]
[Step 424] Action: [Move to LEFT ARM]
[Step 424] Observation: [LEFT ARM,  Reward!, Null]
[Step 425] Action: [Move to LEFT ARM]
[Step 425] Observation: [LEFT ARM,  Reward!, Null]
[Step 426] Action: [Move to LEFT ARM]
[Step 426] Observation: [LEFT ARM,  Loss!, Null]
[Step 427] Action: [Move to LEFT ARM]
[Step 427] Observation: [LEFT ARM,  Reward!, Null]
[Step 428] Action: [Move to LEFT ARM]
[Step 428] Observation: [LEFT ARM,  Loss!, Null]
[Step 429] Action: [Move to LEFT ARM]
[Step 429] Observation: [LEFT ARM,  Reward!, Null]
[Step 430] Action: [Move to LEFT ARM]
[Step 430] Observation: [LEFT ARM,  Loss!, Null]
[Step 431] Action: [Move to LEFT ARM]
[Step 431] Observation: [LEFT ARM,  Reward!, Null]
[Step 432] Action: [Move to LEFT ARM]
[Step 432] Observation: [LEFT ARM,  Reward!, Null]
[Step 433] Action: [Move to LEFT ARM]
[Step 433] Observation: [LEFT ARM,  Reward!, Null]
[Step 434] Action: [Move to LEFT ARM]
[Step 434] Observation: [LEFT ARM,  Reward!, Null]
[Step 435] Action: [Move to LEFT ARM]
[Step 435] Observation: [LEFT ARM,  Reward!, Null]
[Step 436] Action: [Move to LEFT ARM]
[Step 436] Observation: [LEFT ARM,  Reward!, Null]
[Step 437] Action: [Move to LEFT ARM]
[Step 437] Observation: [LEFT ARM,  Loss!, Null]
[Step 438] Action: [Move to LEFT ARM]
[Step 438] Observation: [LEFT ARM,  Reward!, Null]
[Step 439] Action: [Move to LEFT ARM]
[Step 439] Observation: [LEFT ARM,  Reward!, Null]
[Step 440] Action: [Move to LEFT ARM]
[Step 440] Observation: [LEFT ARM,  Loss!, Null]
[Step 441] Action: [Move to LEFT ARM]
[Step 441] Observation: [LEFT ARM,  Reward!, Null]
[Step 442] Action: [Move to LEFT ARM]
[Step 442] Observation: [LEFT ARM,  Reward!, Null]
[Step 443] Action: [Move to LEFT ARM]
[Step 443] Observation: [LEFT ARM,  Reward!, Null]
[Step 444] Action: [Move to LEFT ARM]
[Step 444] Observation: [LEFT ARM,  Reward!, Null]
[Step 445] Action: [Move to LEFT ARM]
[Step 445] Observation: [LEFT ARM,  Reward!, Null]
[Step 446] Action: [Move to LEFT ARM]
[Step 446] Observation: [LEFT ARM,  Reward!, Null]
[Step 447] Action: [Move to LEFT ARM]
[Step 447] Observation: [LEFT ARM,  Reward!, Null]
[Step 448] Action: [Move to LEFT ARM]
[Step 448] Observation: [LEFT ARM,  Reward!, Null]
[Step 449] Action: [Move to LEFT ARM]
[Step 449] Observation: [LEFT ARM,  Reward!, Null]
[Step 450] Action: [Move to LEFT ARM]
[Step 450] Observation: [LEFT ARM,  Reward!, Null]
[Step 451] Action: [Move to LEFT ARM]
[Step 451] Observation: [LEFT ARM,  Loss!, Null]
[Step 452] Action: [Move to LEFT ARM]
[Step 452] Observation: [LEFT ARM,  Loss!, Null]
[Step 453] Action: [Move to LEFT ARM]
[Step 453] Observation: [LEFT ARM,  Reward!, Null]
[Step 454] Action: [Move to LEFT ARM]
[Step 454] Observation: [LEFT ARM,  Reward!, Null]
[Step 455] Action: [Move to LEFT ARM]
[Step 455] Observation: [LEFT ARM,  Reward!, Null]
[Step 456] Action: [Move to LEFT ARM]
[Step 456] Observation: [LEFT ARM,  Reward!, Null]
[Step 457] Action: [Move to LEFT ARM]
[Step 457] Observation: [LEFT ARM,  Reward!, Null]
[Step 458] Action: [Move to LEFT ARM]
[Step 458] Observation: [LEFT ARM,  Reward!, Null]
[Step 459] Action: [Move to LEFT ARM]
[Step 459] Observation: [LEFT ARM,  Reward!, Null]
[Step 460] Action: [Move to LEFT ARM]
[Step 460] Observation: [LEFT ARM,  Reward!, Null]
[Step 461] Action: [Move to LEFT ARM]
[Step 461] Observation: [LEFT ARM,  Reward!, Null]
[Step 462] Action: [Move to LEFT ARM]
[Step 462] Observation: [LEFT ARM,  Reward!, Null]
[Step 463] Action: [Move to LEFT ARM]
[Step 463] Observation: [LEFT ARM,  Reward!, Null]
[Step 464] Action: [Move to LEFT ARM]
[Step 464] Observation: [LEFT ARM,  Reward!, Null]
[Step 465] Action: [Move to LEFT ARM]
[Step 465] Observation: [LEFT ARM,  Reward!, Null]
[Step 466] Action: [Move to LEFT ARM]
[Step 466] Observation: [LEFT ARM,  Reward!, Null]
[Step 467] Action: [Move to LEFT ARM]
[Step 467] Observation: [LEFT ARM,  Reward!, Null]
[Step 468] Action: [Move to LEFT ARM]
[Step 468] Observation: [LEFT ARM,  Reward!, Null]
[Step 469] Action: [Move to LEFT ARM]
[Step 469] Observation: [LEFT ARM,  Reward!, Null]
[Step 470] Action: [Move to LEFT ARM]
[Step 470] Observation: [LEFT ARM,  Reward!, Null]
[Step 471] Action: [Move to LEFT ARM]
[Step 471] Observation: [LEFT ARM,  Reward!, Null]
[Step 472] Action: [Move to LEFT ARM]
[Step 472] Observation: [LEFT ARM,  Reward!, Null]
[Step 473] Action: [Move to LEFT ARM]
[Step 473] Observation: [LEFT ARM,  Reward!, Null]
[Step 474] Action: [Move to LEFT ARM]
[Step 474] Observation: [LEFT ARM,  Loss!, Null]
[Step 475] Action: [Move to LEFT ARM]
[Step 475] Observation: [LEFT ARM,  Loss!, Null]
[Step 476] Action: [Move to LEFT ARM]
[Step 476] Observation: [LEFT ARM,  Reward!, Null]
[Step 477] Action: [Move to LEFT ARM]
[Step 477] Observation: [LEFT ARM,  Reward!, Null]
[Step 478] Action: [Move to LEFT ARM]
[Step 478] Observation: [LEFT ARM,  Reward!, Null]
[Step 479] Action: [Move to LEFT ARM]
[Step 479] Observation: [LEFT ARM,  Reward!, Null]
[Step 480] Action: [Move to LEFT ARM]
[Step 480] Observation: [LEFT ARM,  Reward!, Null]
[Step 481] Action: [Move to LEFT ARM]
[Step 481] Observation: [LEFT ARM,  Reward!, Null]
[Step 482] Action: [Move to LEFT ARM]
[Step 482] Observation: [LEFT ARM,  Reward!, Null]
[Step 483] Action: [Move to LEFT ARM]
[Step 483] Observation: [LEFT ARM,  Loss!, Null]
[Step 484] Action: [Move to LEFT ARM]
[Step 484] Observation: [LEFT ARM,  Loss!, Null]
[Step 485] Action: [Move to LEFT ARM]
[Step 485] Observation: [LEFT ARM,  Reward!, Null]
[Step 486] Action: [Move to LEFT ARM]
[Step 486] Observation: [LEFT ARM,  Reward!, Null]
[Step 487] Action: [Move to LEFT ARM]
[Step 487] Observation: [LEFT ARM,  Reward!, Null]
[Step 488] Action: [Move to LEFT ARM]
[Step 488] Observation: [LEFT ARM,  Reward!, Null]
[Step 489] Action: [Move to LEFT ARM]
[Step 489] Observation: [LEFT ARM,  Reward!, Null]
[Step 490] Action: [Move to LEFT ARM]
[Step 490] Observation: [LEFT ARM,  Reward!, Null]
[Step 491] Action: [Move to LEFT ARM]
[Step 491] Observation: [LEFT ARM,  Reward!, Null]
[Step 492] Action: [Move to LEFT ARM]
[Step 492] Observation: [LEFT ARM,  Reward!, Null]
[Step 493] Action: [Move to LEFT ARM]
[Step 493] Observation: [LEFT ARM,  Reward!, Null]
[Step 494] Action: [Move to LEFT ARM]
[Step 494] Observation: [LEFT ARM,  Loss!, Null]
[Step 495] Action: [Move to LEFT ARM]
[Step 495] Observation: [LEFT ARM,  Reward!, Null]
[Step 496] Action: [Move to LEFT ARM]
[Step 496] Observation: [LEFT ARM,  Reward!, Null]
[Step 497] Action: [Move to LEFT ARM]
[Step 497] Observation: [LEFT ARM,  Loss!, Null]
[Step 498] Action: [Move to LEFT ARM]
[Step 498] Observation: [LEFT ARM,  Reward!, Null]
[Step 499] Action: [Move to LEFT ARM]
[Step 499] Observation: [LEFT ARM,  Reward!, Null]
[Step 500] Action: [Move to LEFT ARM]
[Step 500] Observation: [LEFT ARM,  Reward!, Null]
[Step 501] Action: [Move to LEFT ARM]
[Step 501] Observation: [LEFT ARM,  Reward!, Null]
[Step 502] Action: [Move to LEFT ARM]
[Step 502] Observation: [LEFT ARM,  Reward!, Null]
[Step 503] Action: [Move to LEFT ARM]
[Step 503] Observation: [LEFT ARM,  Reward!, Null]
[Step 504] Action: [Move to LEFT ARM]
[Step 504] Observation: [LEFT ARM,  Reward!, Null]
[Step 505] Action: [Move to LEFT ARM]
[Step 505] Observation: [LEFT ARM,  Reward!, Null]
[Step 506] Action: [Move to LEFT ARM]
[Step 506] Observation: [LEFT ARM,  Reward!, Null]
[Step 507] Action: [Move to LEFT ARM]
[Step 507] Observation: [LEFT ARM,  Reward!, Null]
[Step 508] Action: [Move to LEFT ARM]
[Step 508] Observation: [LEFT ARM,  Reward!, Null]
[Step 509] Action: [Move to LEFT ARM]
[Step 509] Observation: [LEFT ARM,  Reward!, Null]
[Step 510] Action: [Move to LEFT ARM]
[Step 510] Observation: [LEFT ARM,  Reward!, Null]
[Step 511] Action: [Move to LEFT ARM]
[Step 511] Observation: [LEFT ARM,  Reward!, Null]
[Step 512] Action: [Move to LEFT ARM]
[Step 512] Observation: [LEFT ARM,  Reward!, Null]
[Step 513] Action: [Move to LEFT ARM]
[Step 513] Observation: [LEFT ARM,  Reward!, Null]
[Step 514] Action: [Move to LEFT ARM]
[Step 514] Observation: [LEFT ARM,  Reward!, Null]
[Step 515] Action: [Move to LEFT ARM]
[Step 515] Observation: [LEFT ARM,  Reward!, Null]
[Step 516] Action: [Move to LEFT ARM]
[Step 516] Observation: [LEFT ARM,  Reward!, Null]
[Step 517] Action: [Move to LEFT ARM]
[Step 517] Observation: [LEFT ARM,  Reward!, Null]
[Step 518] Action: [Move to LEFT ARM]
[Step 518] Observation: [LEFT ARM,  Reward!, Null]
[Step 519] Action: [Move to LEFT ARM]
[Step 519] Observation: [LEFT ARM,  Reward!, Null]
[Step 520] Action: [Move to LEFT ARM]
[Step 520] Observation: [LEFT ARM,  Loss!, Null]
[Step 521] Action: [Move to LEFT ARM]
[Step 521] Observation: [LEFT ARM,  Reward!, Null]
[Step 522] Action: [Move to LEFT ARM]
[Step 522] Observation: [LEFT ARM,  Reward!, Null]
[Step 523] Action: [Move to LEFT ARM]
[Step 523] Observation: [LEFT ARM,  Reward!, Null]
[Step 524] Action: [Move to LEFT ARM]
[Step 524] Observation: [LEFT ARM,  Reward!, Null]
[Step 525] Action: [Move to LEFT ARM]
[Step 525] Observation: [LEFT ARM,  Reward!, Null]
[Step 526] Action: [Move to LEFT ARM]
[Step 526] Observation: [LEFT ARM,  Reward!, Null]
[Step 527] Action: [Move to LEFT ARM]
[Step 527] Observation: [LEFT ARM,  Reward!, Null]
[Step 528] Action: [Move to LEFT ARM]
[Step 528] Observation: [LEFT ARM,  Reward!, Null]
[Step 529] Action: [Move to LEFT ARM]
[Step 529] Observation: [LEFT ARM,  Reward!, Null]
[Step 530] Action: [Move to LEFT ARM]
[Step 530] Observation: [LEFT ARM,  Reward!, Null]
[Step 531] Action: [Move to LEFT ARM]
[Step 531] Observation: [LEFT ARM,  Reward!, Null]
[Step 532] Action: [Move to LEFT ARM]
[Step 532] Observation: [LEFT ARM,  Reward!, Null]
[Step 533] Action: [Move to LEFT ARM]
[Step 533] Observation: [LEFT ARM,  Reward!, Null]
[Step 534] Action: [Move to LEFT ARM]
[Step 534] Observation: [LEFT ARM,  Reward!, Null]
[Step 535] Action: [Move to LEFT ARM]
[Step 535] Observation: [LEFT ARM,  Reward!, Null]
[Step 536] Action: [Move to LEFT ARM]
[Step 536] Observation: [LEFT ARM,  Reward!, Null]
[Step 537] Action: [Move to LEFT ARM]
[Step 537] Observation: [LEFT ARM,  Loss!, Null]
[Step 538] Action: [Move to LEFT ARM]
[Step 538] Observation: [LEFT ARM,  Reward!, Null]
[Step 539] Action: [Move to LEFT ARM]
[Step 539] Observation: [LEFT ARM,  Reward!, Null]
[Step 540] Action: [Move to LEFT ARM]
[Step 540] Observation: [LEFT ARM,  Reward!, Null]
[Step 541] Action: [Move to LEFT ARM]
[Step 541] Observation: [LEFT ARM,  Reward!, Null]
[Step 542] Action: [Move to LEFT ARM]
[Step 542] Observation: [LEFT ARM,  Reward!, Null]
[Step 543] Action: [Move to LEFT ARM]
[Step 543] Observation: [LEFT ARM,  Reward!, Null]
[Step 544] Action: [Move to LEFT ARM]
[Step 544] Observation: [LEFT ARM,  Loss!, Null]
[Step 545] Action: [Move to LEFT ARM]
[Step 545] Observation: [LEFT ARM,  Loss!, Null]
[Step 546] Action: [Move to LEFT ARM]
[Step 546] Observation: [LEFT ARM,  Loss!, Null]
[Step 547] Action: [Move to LEFT ARM]
[Step 547] Observation: [LEFT ARM,  Reward!, Null]
[Step 548] Action: [Move to LEFT ARM]
[Step 548] Observation: [LEFT ARM,  Reward!, Null]
[Step 549] Action: [Move to LEFT ARM]
[Step 549] Observation: [LEFT ARM,  Reward!, Null]
[Step 550] Action: [Move to LEFT ARM]
[Step 550] Observation: [LEFT ARM,  Reward!, Null]
[Step 551] Action: [Move to LEFT ARM]
[Step 551] Observation: [LEFT ARM,  Reward!, Null]
[Step 552] Action: [Move to LEFT ARM]
[Step 552] Observation: [LEFT ARM,  Reward!, Null]
[Step 553] Action: [Move to LEFT ARM]
[Step 553] Observation: [LEFT ARM,  Reward!, Null]
[Step 554] Action: [Move to LEFT ARM]
[Step 554] Observation: [LEFT ARM,  Reward!, Null]
[Step 555] Action: [Move to LEFT ARM]
[Step 555] Observation: [LEFT ARM,  Loss!, Null]
[Step 556] Action: [Move to LEFT ARM]
[Step 556] Observation: [LEFT ARM,  Reward!, Null]
[Step 557] Action: [Move to LEFT ARM]
[Step 557] Observation: [LEFT ARM,  Reward!, Null]
[Step 558] Action: [Move to LEFT ARM]
[Step 558] Observation: [LEFT ARM,  Reward!, Null]
[Step 559] Action: [Move to LEFT ARM]
[Step 559] Observation: [LEFT ARM,  Reward!, Null]
[Step 560] Action: [Move to LEFT ARM]
[Step 560] Observation: [LEFT ARM,  Loss!, Null]
[Step 561] Action: [Move to LEFT ARM]
[Step 561] Observation: [LEFT ARM,  Reward!, Null]
[Step 562] Action: [Move to LEFT ARM]
[Step 562] Observation: [LEFT ARM,  Loss!, Null]
[Step 563] Action: [Move to LEFT ARM]
[Step 563] Observation: [LEFT ARM,  Reward!, Null]
[Step 564] Action: [Move to LEFT ARM]
[Step 564] Observation: [LEFT ARM,  Reward!, Null]
[Step 565] Action: [Move to LEFT ARM]
[Step 565] Observation: [LEFT ARM,  Reward!, Null]
[Step 566] Action: [Move to LEFT ARM]
[Step 566] Observation: [LEFT ARM,  Loss!, Null]
[Step 567] Action: [Move to LEFT ARM]
[Step 567] Observation: [LEFT ARM,  Reward!, Null]
[Step 568] Action: [Move to LEFT ARM]
[Step 568] Observation: [LEFT ARM,  Reward!, Null]
[Step 569] Action: [Move to LEFT ARM]
[Step 569] Observation: [LEFT ARM,  Loss!, Null]
[Step 570] Action: [Move to LEFT ARM]
[Step 570] Observation: [LEFT ARM,  Reward!, Null]
[Step 571] Action: [Move to LEFT ARM]
[Step 571] Observation: [LEFT ARM,  Loss!, Null]
[Step 572] Action: [Move to LEFT ARM]
[Step 572] Observation: [LEFT ARM,  Reward!, Null]
[Step 573] Action: [Move to LEFT ARM]
[Step 573] Observation: [LEFT ARM,  Reward!, Null]
[Step 574] Action: [Move to LEFT ARM]
[Step 574] Observation: [LEFT ARM,  Loss!, Null]
[Step 575] Action: [Move to LEFT ARM]
[Step 575] Observation: [LEFT ARM,  Reward!, Null]
[Step 576] Action: [Move to LEFT ARM]
[Step 576] Observation: [LEFT ARM,  Reward!, Null]
[Step 577] Action: [Move to LEFT ARM]
[Step 577] Observation: [LEFT ARM,  Reward!, Null]
[Step 578] Action: [Move to LEFT ARM]
[Step 578] Observation: [LEFT ARM,  Reward!, Null]
[Step 579] Action: [Move to LEFT ARM]
[Step 579] Observation: [LEFT ARM,  Reward!, Null]
[Step 580] Action: [Move to LEFT ARM]
[Step 580] Observation: [LEFT ARM,  Reward!, Null]
[Step 581] Action: [Move to LEFT ARM]
[Step 581] Observation: [LEFT ARM,  Loss!, Null]
[Step 582] Action: [Move to LEFT ARM]
[Step 582] Observation: [LEFT ARM,  Reward!, Null]
[Step 583] Action: [Move to LEFT ARM]
[Step 583] Observation: [LEFT ARM,  Reward!, Null]
[Step 584] Action: [Move to LEFT ARM]
[Step 584] Observation: [LEFT ARM,  Reward!, Null]
[Step 585] Action: [Move to LEFT ARM]
[Step 585] Observation: [LEFT ARM,  Reward!, Null]
[Step 586] Action: [Move to LEFT ARM]
[Step 586] Observation: [LEFT ARM,  Reward!, Null]
[Step 587] Action: [Move to LEFT ARM]
[Step 587] Observation: [LEFT ARM,  Reward!, Null]
[Step 588] Action: [Move to LEFT ARM]
[Step 588] Observation: [LEFT ARM,  Reward!, Null]
[Step 589] Action: [Move to LEFT ARM]
[Step 589] Observation: [LEFT ARM,  Loss!, Null]
[Step 590] Action: [Move to LEFT ARM]
[Step 590] Observation: [LEFT ARM,  Reward!, Null]
[Step 591] Action: [Move to LEFT ARM]
[Step 591] Observation: [LEFT ARM,  Reward!, Null]
[Step 592] Action: [Move to LEFT ARM]
[Step 592] Observation: [LEFT ARM,  Loss!, Null]
[Step 593] Action: [Move to LEFT ARM]
[Step 593] Observation: [LEFT ARM,  Reward!, Null]
[Step 594] Action: [Move to LEFT ARM]
[Step 594] Observation: [LEFT ARM,  Reward!, Null]
[Step 595] Action: [Move to LEFT ARM]
[Step 595] Observation: [LEFT ARM,  Reward!, Null]
[Step 596] Action: [Move to LEFT ARM]
[Step 596] Observation: [LEFT ARM,  Reward!, Null]
[Step 597] Action: [Move to LEFT ARM]
[Step 597] Observation: [LEFT ARM,  Reward!, Null]
[Step 598] Action: [Move to LEFT ARM]
[Step 598] Observation: [LEFT ARM,  Reward!, Null]
[Step 599] Action: [Move to LEFT ARM]
[Step 599] Observation: [LEFT ARM,  Reward!, Null]
[Step 600] Action: [Move to LEFT ARM]
[Step 600] Observation: [LEFT ARM,  Reward!, Null]
[Step 601] Action: [Move to LEFT ARM]
[Step 601] Observation: [LEFT ARM,  Reward!, Null]
[Step 602] Action: [Move to LEFT ARM]
[Step 602] Observation: [LEFT ARM,  Reward!, Null]
[Step 603] Action: [Move to LEFT ARM]
[Step 603] Observation: [LEFT ARM,  Reward!, Null]
[Step 604] Action: [Move to LEFT ARM]
[Step 604] Observation: [LEFT ARM,  Loss!, Null]
[Step 605] Action: [Move to LEFT ARM]
[Step 605] Observation: [LEFT ARM,  Reward!, Null]
[Step 606] Action: [Move to LEFT ARM]
[Step 606] Observation: [LEFT ARM,  Reward!, Null]
[Step 607] Action: [Move to LEFT ARM]
[Step 607] Observation: [LEFT ARM,  Reward!, Null]
[Step 608] Action: [Move to LEFT ARM]
[Step 608] Observation: [LEFT ARM,  Reward!, Null]
[Step 609] Action: [Move to LEFT ARM]
[Step 609] Observation: [LEFT ARM,  Reward!, Null]
[Step 610] Action: [Move to LEFT ARM]
[Step 610] Observation: [LEFT ARM,  Reward!, Null]
[Step 611] Action: [Move to LEFT ARM]
[Step 611] Observation: [LEFT ARM,  Reward!, Null]
[Step 612] Action: [Move to LEFT ARM]
[Step 612] Observation: [LEFT ARM,  Reward!, Null]
[Step 613] Action: [Move to LEFT ARM]
[Step 613] Observation: [LEFT ARM,  Reward!, Null]
[Step 614] Action: [Move to LEFT ARM]
[Step 614] Observation: [LEFT ARM,  Reward!, Null]
[Step 615] Action: [Move to LEFT ARM]
[Step 615] Observation: [LEFT ARM,  Reward!, Null]
[Step 616] Action: [Move to LEFT ARM]
[Step 616] Observation: [LEFT ARM,  Reward!, Null]
[Step 617] Action: [Move to LEFT ARM]
[Step 617] Observation: [LEFT ARM,  Reward!, Null]
[Step 618] Action: [Move to LEFT ARM]
[Step 618] Observation: [LEFT ARM,  Reward!, Null]
[Step 619] Action: [Move to LEFT ARM]
[Step 619] Observation: [LEFT ARM,  Reward!, Null]
[Step 620] Action: [Move to LEFT ARM]
[Step 620] Observation: [LEFT ARM,  Loss!, Null]
[Step 621] Action: [Move to LEFT ARM]
[Step 621] Observation: [LEFT ARM,  Loss!, Null]
[Step 622] Action: [Move to LEFT ARM]
[Step 622] Observation: [LEFT ARM,  Reward!, Null]
[Step 623] Action: [Move to LEFT ARM]
[Step 623] Observation: [LEFT ARM,  Loss!, Null]
[Step 624] Action: [Move to LEFT ARM]
[Step 624] Observation: [LEFT ARM,  Reward!, Null]
[Step 625] Action: [Move to LEFT ARM]
[Step 625] Observation: [LEFT ARM,  Reward!, Null]
[Step 626] Action: [Move to LEFT ARM]
[Step 626] Observation: [LEFT ARM,  Reward!, Null]
[Step 627] Action: [Move to LEFT ARM]
[Step 627] Observation: [LEFT ARM,  Reward!, Null]
[Step 628] Action: [Move to LEFT ARM]
[Step 628] Observation: [LEFT ARM,  Reward!, Null]
[Step 629] Action: [Move to LEFT ARM]
[Step 629] Observation: [LEFT ARM,  Reward!, Null]
[Step 630] Action: [Move to LEFT ARM]
[Step 630] Observation: [LEFT ARM,  Reward!, Null]
[Step 631] Action: [Move to LEFT ARM]
[Step 631] Observation: [LEFT ARM,  Reward!, Null]
[Step 632] Action: [Move to LEFT ARM]
[Step 632] Observation: [LEFT ARM,  Reward!, Null]
[Step 633] Action: [Move to LEFT ARM]
[Step 633] Observation: [LEFT ARM,  Reward!, Null]
[Step 634] Action: [Move to LEFT ARM]
[Step 634] Observation: [LEFT ARM,  Reward!, Null]
[Step 635] Action: [Move to LEFT ARM]
[Step 635] Observation: [LEFT ARM,  Reward!, Null]
[Step 636] Action: [Move to LEFT ARM]
[Step 636] Observation: [LEFT ARM,  Reward!, Null]
[Step 637] Action: [Move to LEFT ARM]
[Step 637] Observation: [LEFT ARM,  Reward!, Null]
[Step 638] Action: [Move to LEFT ARM]
[Step 638] Observation: [LEFT ARM,  Reward!, Null]
[Step 639] Action: [Move to LEFT ARM]
[Step 639] Observation: [LEFT ARM,  Reward!, Null]
[Step 640] Action: [Move to LEFT ARM]
[Step 640] Observation: [LEFT ARM,  Reward!, Null]
[Step 641] Action: [Move to LEFT ARM]
[Step 641] Observation: [LEFT ARM,  Reward!, Null]
[Step 642] Action: [Move to LEFT ARM]
[Step 642] Observation: [LEFT ARM,  Loss!, Null]
[Step 643] Action: [Move to LEFT ARM]
[Step 643] Observation: [LEFT ARM,  Loss!, Null]
[Step 644] Action: [Move to LEFT ARM]
[Step 644] Observation: [LEFT ARM,  Reward!, Null]
[Step 645] Action: [Move to LEFT ARM]
[Step 645] Observation: [LEFT ARM,  Reward!, Null]
[Step 646] Action: [Move to LEFT ARM]
[Step 646] Observation: [LEFT ARM,  Reward!, Null]
[Step 647] Action: [Move to LEFT ARM]
[Step 647] Observation: [LEFT ARM,  Reward!, Null]
[Step 648] Action: [Move to LEFT ARM]
[Step 648] Observation: [LEFT ARM,  Reward!, Null]
[Step 649] Action: [Move to LEFT ARM]
[Step 649] Observation: [LEFT ARM,  Loss!, Null]
[Step 650] Action: [Move to LEFT ARM]
[Step 650] Observation: [LEFT ARM,  Reward!, Null]
[Step 651] Action: [Move to LEFT ARM]
[Step 651] Observation: [LEFT ARM,  Reward!, Null]
[Step 652] Action: [Move to LEFT ARM]
[Step 652] Observation: [LEFT ARM,  Reward!, Null]
[Step 653] Action: [Move to LEFT ARM]
[Step 653] Observation: [LEFT ARM,  Loss!, Null]
[Step 654] Action: [Move to LEFT ARM]
[Step 654] Observation: [LEFT ARM,  Reward!, Null]
[Step 655] Action: [Move to LEFT ARM]
[Step 655] Observation: [LEFT ARM,  Reward!, Null]
[Step 656] Action: [Move to LEFT ARM]
[Step 656] Observation: [LEFT ARM,  Reward!, Null]
[Step 657] Action: [Move to LEFT ARM]
[Step 657] Observation: [LEFT ARM,  Reward!, Null]
[Step 658] Action: [Move to LEFT ARM]
[Step 658] Observation: [LEFT ARM,  Reward!, Null]
[Step 659] Action: [Move to LEFT ARM]
[Step 659] Observation: [LEFT ARM,  Reward!, Null]
[Step 660] Action: [Move to LEFT ARM]
[Step 660] Observation: [LEFT ARM,  Reward!, Null]
[Step 661] Action: [Move to LEFT ARM]
[Step 661] Observation: [LEFT ARM,  Reward!, Null]
[Step 662] Action: [Move to LEFT ARM]
[Step 662] Observation: [LEFT ARM,  Loss!, Null]
[Step 663] Action: [Move to LEFT ARM]
[Step 663] Observation: [LEFT ARM,  Reward!, Null]
[Step 664] Action: [Move to LEFT ARM]
[Step 664] Observation: [LEFT ARM,  Loss!, Null]
[Step 665] Action: [Move to LEFT ARM]
[Step 665] Observation: [LEFT ARM,  Reward!, Null]
[Step 666] Action: [Move to LEFT ARM]
[Step 666] Observation: [LEFT ARM,  Reward!, Null]
[Step 667] Action: [Move to LEFT ARM]
[Step 667] Observation: [LEFT ARM,  Reward!, Null]
[Step 668] Action: [Move to LEFT ARM]
[Step 668] Observation: [LEFT ARM,  Reward!, Null]
[Step 669] Action: [Move to LEFT ARM]
[Step 669] Observation: [LEFT ARM,  Reward!, Null]
[Step 670] Action: [Move to LEFT ARM]
[Step 670] Observation: [LEFT ARM,  Reward!, Null]
[Step 671] Action: [Move to LEFT ARM]
[Step 671] Observation: [LEFT ARM,  Loss!, Null]
[Step 672] Action: [Move to LEFT ARM]
[Step 672] Observation: [LEFT ARM,  Loss!, Null]
[Step 673] Action: [Move to LEFT ARM]
[Step 673] Observation: [LEFT ARM,  Reward!, Null]
[Step 674] Action: [Move to LEFT ARM]
[Step 674] Observation: [LEFT ARM,  Reward!, Null]
[Step 675] Action: [Move to LEFT ARM]
[Step 675] Observation: [LEFT ARM,  Reward!, Null]
[Step 676] Action: [Move to LEFT ARM]
[Step 676] Observation: [LEFT ARM,  Reward!, Null]
[Step 677] Action: [Move to LEFT ARM]
[Step 677] Observation: [LEFT ARM,  Reward!, Null]
[Step 678] Action: [Move to LEFT ARM]
[Step 678] Observation: [LEFT ARM,  Reward!, Null]
[Step 679] Action: [Move to LEFT ARM]
[Step 679] Observation: [LEFT ARM,  Reward!, Null]
[Step 680] Action: [Move to LEFT ARM]
[Step 680] Observation: [LEFT ARM,  Reward!, Null]
[Step 681] Action: [Move to LEFT ARM]
[Step 681] Observation: [LEFT ARM,  Reward!, Null]
[Step 682] Action: [Move to LEFT ARM]
[Step 682] Observation: [LEFT ARM,  Reward!, Null]
[Step 683] Action: [Move to LEFT ARM]
[Step 683] Observation: [LEFT ARM,  Loss!, Null]
[Step 684] Action: [Move to LEFT ARM]
[Step 684] Observation: [LEFT ARM,  Reward!, Null]
[Step 685] Action: [Move to LEFT ARM]
[Step 685] Observation: [LEFT ARM,  Reward!, Null]
[Step 686] Action: [Move to LEFT ARM]
[Step 686] Observation: [LEFT ARM,  Reward!, Null]
[Step 687] Action: [Move to LEFT ARM]
[Step 687] Observation: [LEFT ARM,  Reward!, Null]
[Step 688] Action: [Move to LEFT ARM]
[Step 688] Observation: [LEFT ARM,  Reward!, Null]
[Step 689] Action: [Move to LEFT ARM]
[Step 689] Observation: [LEFT ARM,  Reward!, Null]
[Step 690] Action: [Move to LEFT ARM]
[Step 690] Observation: [LEFT ARM,  Reward!, Null]
[Step 691] Action: [Move to LEFT ARM]
[Step 691] Observation: [LEFT ARM,  Reward!, Null]
[Step 692] Action: [Move to LEFT ARM]
[Step 692] Observation: [LEFT ARM,  Reward!, Null]
[Step 693] Action: [Move to LEFT ARM]
[Step 693] Observation: [LEFT ARM,  Reward!, Null]
[Step 694] Action: [Move to LEFT ARM]
[Step 694] Observation: [LEFT ARM,  Reward!, Null]
[Step 695] Action: [Move to LEFT ARM]
[Step 695] Observation: [LEFT ARM,  Reward!, Null]
[Step 696] Action: [Move to LEFT ARM]
[Step 696] Observation: [LEFT ARM,  Reward!, Null]
[Step 697] Action: [Move to LEFT ARM]
[Step 697] Observation: [LEFT ARM,  Reward!, Null]
[Step 698] Action: [Move to LEFT ARM]
[Step 698] Observation: [LEFT ARM,  Reward!, Null]
[Step 699] Action: [Move to LEFT ARM]
[Step 699] Observation: [LEFT ARM,  Reward!, Null]
[Step 700] Action: [Move to LEFT ARM]
[Step 700] Observation: [LEFT ARM,  Loss!, Null]
[Step 701] Action: [Move to LEFT ARM]
[Step 701] Observation: [LEFT ARM,  Reward!, Null]
[Step 702] Action: [Move to LEFT ARM]
[Step 702] Observation: [LEFT ARM,  Reward!, Null]
[Step 703] Action: [Move to LEFT ARM]
[Step 703] Observation: [LEFT ARM,  Reward!, Null]
[Step 704] Action: [Move to LEFT ARM]
[Step 704] Observation: [LEFT ARM,  Reward!, Null]
[Step 705] Action: [Move to LEFT ARM]
[Step 705] Observation: [LEFT ARM,  Reward!, Null]
[Step 706] Action: [Move to LEFT ARM]
[Step 706] Observation: [LEFT ARM,  Reward!, Null]
[Step 707] Action: [Move to LEFT ARM]
[Step 707] Observation: [LEFT ARM,  Reward!, Null]
[Step 708] Action: [Move to LEFT ARM]
[Step 708] Observation: [LEFT ARM,  Reward!, Null]
[Step 709] Action: [Move to LEFT ARM]
[Step 709] Observation: [LEFT ARM,  Reward!, Null]
[Step 710] Action: [Move to LEFT ARM]
[Step 710] Observation: [LEFT ARM,  Reward!, Null]
[Step 711] Action: [Move to LEFT ARM]
[Step 711] Observation: [LEFT ARM,  Reward!, Null]
[Step 712] Action: [Move to LEFT ARM]
[Step 712] Observation: [LEFT ARM,  Reward!, Null]
[Step 713] Action: [Move to LEFT ARM]
[Step 713] Observation: [LEFT ARM,  Loss!, Null]
[Step 714] Action: [Move to LEFT ARM]
[Step 714] Observation: [LEFT ARM,  Reward!, Null]
[Step 715] Action: [Move to LEFT ARM]
[Step 715] Observation: [LEFT ARM,  Reward!, Null]
[Step 716] Action: [Move to LEFT ARM]
[Step 716] Observation: [LEFT ARM,  Reward!, Null]
[Step 717] Action: [Move to LEFT ARM]
[Step 717] Observation: [LEFT ARM,  Reward!, Null]
[Step 718] Action: [Move to LEFT ARM]
[Step 718] Observation: [LEFT ARM,  Reward!, Null]
[Step 719] Action: [Move to LEFT ARM]
[Step 719] Observation: [LEFT ARM,  Reward!, Null]
[Step 720] Action: [Move to LEFT ARM]
[Step 720] Observation: [LEFT ARM,  Reward!, Null]
[Step 721] Action: [Move to LEFT ARM]
[Step 721] Observation: [LEFT ARM,  Reward!, Null]
[Step 722] Action: [Move to LEFT ARM]
[Step 722] Observation: [LEFT ARM,  Reward!, Null]
[Step 723] Action: [Move to LEFT ARM]
[Step 723] Observation: [LEFT ARM,  Reward!, Null]
[Step 724] Action: [Move to LEFT ARM]
[Step 724] Observation: [LEFT ARM,  Reward!, Null]
[Step 725] Action: [Move to LEFT ARM]
[Step 725] Observation: [LEFT ARM,  Reward!, Null]
[Step 726] Action: [Move to LEFT ARM]
[Step 726] Observation: [LEFT ARM,  Reward!, Null]
[Step 727] Action: [Move to LEFT ARM]
[Step 727] Observation: [LEFT ARM,  Reward!, Null]
[Step 728] Action: [Move to LEFT ARM]
[Step 728] Observation: [LEFT ARM,  Reward!, Null]
[Step 729] Action: [Move to LEFT ARM]
[Step 729] Observation: [LEFT ARM,  Reward!, Null]
[Step 730] Action: [Move to LEFT ARM]
[Step 730] Observation: [LEFT ARM,  Reward!, Null]
[Step 731] Action: [Move to LEFT ARM]
[Step 731] Observation: [LEFT ARM,  Loss!, Null]
[Step 732] Action: [Move to LEFT ARM]
[Step 732] Observation: [LEFT ARM,  Reward!, Null]
[Step 733] Action: [Move to LEFT ARM]
[Step 733] Observation: [LEFT ARM,  Reward!, Null]
[Step 734] Action: [Move to LEFT ARM]
[Step 734] Observation: [LEFT ARM,  Reward!, Null]
[Step 735] Action: [Move to LEFT ARM]
[Step 735] Observation: [LEFT ARM,  Reward!, Null]
[Step 736] Action: [Move to LEFT ARM]
[Step 736] Observation: [LEFT ARM,  Reward!, Null]
[Step 737] Action: [Move to LEFT ARM]
[Step 737] Observation: [LEFT ARM,  Reward!, Null]
[Step 738] Action: [Move to LEFT ARM]
[Step 738] Observation: [LEFT ARM,  Reward!, Null]
[Step 739] Action: [Move to LEFT ARM]
[Step 739] Observation: [LEFT ARM,  Loss!, Null]
[Step 740] Action: [Move to LEFT ARM]
[Step 740] Observation: [LEFT ARM,  Reward!, Null]
[Step 741] Action: [Move to LEFT ARM]
[Step 741] Observation: [LEFT ARM,  Reward!, Null]
[Step 742] Action: [Move to LEFT ARM]
[Step 742] Observation: [LEFT ARM,  Loss!, Null]
[Step 743] Action: [Move to LEFT ARM]
[Step 743] Observation: [LEFT ARM,  Reward!, Null]
[Step 744] Action: [Move to LEFT ARM]
[Step 744] Observation: [LEFT ARM,  Reward!, Null]
[Step 745] Action: [Move to LEFT ARM]
[Step 745] Observation: [LEFT ARM,  Reward!, Null]
[Step 746] Action: [Move to LEFT ARM]
[Step 746] Observation: [LEFT ARM,  Reward!, Null]
[Step 747] Action: [Move to LEFT ARM]
[Step 747] Observation: [LEFT ARM,  Reward!, Null]
[Step 748] Action: [Move to LEFT ARM]
[Step 748] Observation: [LEFT ARM,  Reward!, Null]
[Step 749] Action: [Move to LEFT ARM]
[Step 749] Observation: [LEFT ARM,  Reward!, Null]
[Step 750] Action: [Move to LEFT ARM]
[Step 750] Observation: [LEFT ARM,  Loss!, Null]
[Step 751] Action: [Move to LEFT ARM]
[Step 751] Observation: [LEFT ARM,  Reward!, Null]
[Step 752] Action: [Move to LEFT ARM]
[Step 752] Observation: [LEFT ARM,  Reward!, Null]
[Step 753] Action: [Move to LEFT ARM]
[Step 753] Observation: [LEFT ARM,  Reward!, Null]
[Step 754] Action: [Move to LEFT ARM]
[Step 754] Observation: [LEFT ARM,  Reward!, Null]
[Step 755] Action: [Move to LEFT ARM]
[Step 755] Observation: [LEFT ARM,  Reward!, Null]
[Step 756] Action: [Move to LEFT ARM]
[Step 756] Observation: [LEFT ARM,  Reward!, Null]
[Step 757] Action: [Move to LEFT ARM]
[Step 757] Observation: [LEFT ARM,  Loss!, Null]
[Step 758] Action: [Move to LEFT ARM]
[Step 758] Observation: [LEFT ARM,  Reward!, Null]
[Step 759] Action: [Move to LEFT ARM]
[Step 759] Observation: [LEFT ARM,  Reward!, Null]
[Step 760] Action: [Move to LEFT ARM]
[Step 760] Observation: [LEFT ARM,  Loss!, Null]
[Step 761] Action: [Move to LEFT ARM]
[Step 761] Observation: [LEFT ARM,  Loss!, Null]
[Step 762] Action: [Move to LEFT ARM]
[Step 762] Observation: [LEFT ARM,  Reward!, Null]
[Step 763] Action: [Move to LEFT ARM]
[Step 763] Observation: [LEFT ARM,  Reward!, Null]
[Step 764] Action: [Move to LEFT ARM]
[Step 764] Observation: [LEFT ARM,  Reward!, Null]
[Step 765] Action: [Move to LEFT ARM]
[Step 765] Observation: [LEFT ARM,  Reward!, Null]
[Step 766] Action: [Move to LEFT ARM]
[Step 766] Observation: [LEFT ARM,  Reward!, Null]
[Step 767] Action: [Move to LEFT ARM]
[Step 767] Observation: [LEFT ARM,  Reward!, Null]
[Step 768] Action: [Move to LEFT ARM]
[Step 768] Observation: [LEFT ARM,  Loss!, Null]
[Step 769] Action: [Move to LEFT ARM]
[Step 769] Observation: [LEFT ARM,  Reward!, Null]
[Step 770] Action: [Move to LEFT ARM]
[Step 770] Observation: [LEFT ARM,  Loss!, Null]
[Step 771] Action: [Move to LEFT ARM]
[Step 771] Observation: [LEFT ARM,  Reward!, Null]
[Step 772] Action: [Move to LEFT ARM]
[Step 772] Observation: [LEFT ARM,  Reward!, Null]
[Step 773] Action: [Move to LEFT ARM]
[Step 773] Observation: [LEFT ARM,  Reward!, Null]
[Step 774] Action: [Move to LEFT ARM]
[Step 774] Observation: [LEFT ARM,  Reward!, Null]
[Step 775] Action: [Move to LEFT ARM]
[Step 775] Observation: [LEFT ARM,  Reward!, Null]
[Step 776] Action: [Move to LEFT ARM]
[Step 776] Observation: [LEFT ARM,  Reward!, Null]
[Step 777] Action: [Move to LEFT ARM]
[Step 777] Observation: [LEFT ARM,  Reward!, Null]
[Step 778] Action: [Move to LEFT ARM]
[Step 778] Observation: [LEFT ARM,  Reward!, Null]
[Step 779] Action: [Move to LEFT ARM]
[Step 779] Observation: [LEFT ARM,  Reward!, Null]
[Step 780] Action: [Move to LEFT ARM]
[Step 780] Observation: [LEFT ARM,  Loss!, Null]
[Step 781] Action: [Move to LEFT ARM]
[Step 781] Observation: [LEFT ARM,  Loss!, Null]
[Step 782] Action: [Move to LEFT ARM]
[Step 782] Observation: [LEFT ARM,  Loss!, Null]
[Step 783] Action: [Move to LEFT ARM]
[Step 783] Observation: [LEFT ARM,  Reward!, Null]
[Step 784] Action: [Move to LEFT ARM]
[Step 784] Observation: [LEFT ARM,  Reward!, Null]
[Step 785] Action: [Move to LEFT ARM]
[Step 785] Observation: [LEFT ARM,  Loss!, Null]
[Step 786] Action: [Move to LEFT ARM]
[Step 786] Observation: [LEFT ARM,  Reward!, Null]
[Step 787] Action: [Move to LEFT ARM]
[Step 787] Observation: [LEFT ARM,  Reward!, Null]
[Step 788] Action: [Move to LEFT ARM]
[Step 788] Observation: [LEFT ARM,  Reward!, Null]
[Step 789] Action: [Move to LEFT ARM]
[Step 789] Observation: [LEFT ARM,  Reward!, Null]
[Step 790] Action: [Move to LEFT ARM]
[Step 790] Observation: [LEFT ARM,  Reward!, Null]
[Step 791] Action: [Move to LEFT ARM]
[Step 791] Observation: [LEFT ARM,  Reward!, Null]
[Step 792] Action: [Move to LEFT ARM]
[Step 792] Observation: [LEFT ARM,  Reward!, Null]
[Step 793] Action: [Move to LEFT ARM]
[Step 793] Observation: [LEFT ARM,  Reward!, Null]
[Step 794] Action: [Move to LEFT ARM]
[Step 794] Observation: [LEFT ARM,  Loss!, Null]
[Step 795] Action: [Move to LEFT ARM]
[Step 795] Observation: [LEFT ARM,  Reward!, Null]
[Step 796] Action: [Move to LEFT ARM]
[Step 796] Observation: [LEFT ARM,  Reward!, Null]
[Step 797] Action: [Move to LEFT ARM]
[Step 797] Observation: [LEFT ARM,  Reward!, Null]
[Step 798] Action: [Move to LEFT ARM]
[Step 798] Observation: [LEFT ARM,  Loss!, Null]
[Step 799] Action: [Move to LEFT ARM]
[Step 799] Observation: [LEFT ARM,  Reward!, Null]
[Step 800] Action: [Move to LEFT ARM]
[Step 800] Observation: [LEFT ARM,  Reward!, Null]
[Step 801] Action: [Move to LEFT ARM]
[Step 801] Observation: [LEFT ARM,  Reward!, Null]
[Step 802] Action: [Move to LEFT ARM]
[Step 802] Observation: [LEFT ARM,  Reward!, Null]
[Step 803] Action: [Move to LEFT ARM]
[Step 803] Observation: [LEFT ARM,  Reward!, Null]
[Step 804] Action: [Move to LEFT ARM]
[Step 804] Observation: [LEFT ARM,  Loss!, Null]
[Step 805] Action: [Move to LEFT ARM]
[Step 805] Observation: [LEFT ARM,  Reward!, Null]
[Step 806] Action: [Move to LEFT ARM]
[Step 806] Observation: [LEFT ARM,  Loss!, Null]
[Step 807] Action: [Move to LEFT ARM]
[Step 807] Observation: [LEFT ARM,  Reward!, Null]
[Step 808] Action: [Move to LEFT ARM]
[Step 808] Observation: [LEFT ARM,  Reward!, Null]
[Step 809] Action: [Move to LEFT ARM]
[Step 809] Observation: [LEFT ARM,  Loss!, Null]
[Step 810] Action: [Move to LEFT ARM]
[Step 810] Observation: [LEFT ARM,  Reward!, Null]
[Step 811] Action: [Move to LEFT ARM]
[Step 811] Observation: [LEFT ARM,  Loss!, Null]
[Step 812] Action: [Move to LEFT ARM]
[Step 812] Observation: [LEFT ARM,  Reward!, Null]
[Step 813] Action: [Move to LEFT ARM]
[Step 813] Observation: [LEFT ARM,  Reward!, Null]
[Step 814] Action: [Move to LEFT ARM]
[Step 814] Observation: [LEFT ARM,  Reward!, Null]
[Step 815] Action: [Move to LEFT ARM]
[Step 815] Observation: [LEFT ARM,  Reward!, Null]
[Step 816] Action: [Move to LEFT ARM]
[Step 816] Observation: [LEFT ARM,  Loss!, Null]
[Step 817] Action: [Move to LEFT ARM]
[Step 817] Observation: [LEFT ARM,  Reward!, Null]
[Step 818] Action: [Move to LEFT ARM]
[Step 818] Observation: [LEFT ARM,  Reward!, Null]
[Step 819] Action: [Move to LEFT ARM]
[Step 819] Observation: [LEFT ARM,  Loss!, Null]
[Step 820] Action: [Move to LEFT ARM]
[Step 820] Observation: [LEFT ARM,  Reward!, Null]
[Step 821] Action: [Move to LEFT ARM]
[Step 821] Observation: [LEFT ARM,  Reward!, Null]
[Step 822] Action: [Move to LEFT ARM]
[Step 822] Observation: [LEFT ARM,  Reward!, Null]
[Step 823] Action: [Move to LEFT ARM]
[Step 823] Observation: [LEFT ARM,  Reward!, Null]
[Step 824] Action: [Move to LEFT ARM]
[Step 824] Observation: [LEFT ARM,  Loss!, Null]
[Step 825] Action: [Move to LEFT ARM]
[Step 825] Observation: [LEFT ARM,  Reward!, Null]
[Step 826] Action: [Move to LEFT ARM]
[Step 826] Observation: [LEFT ARM,  Reward!, Null]
[Step 827] Action: [Move to LEFT ARM]
[Step 827] Observation: [LEFT ARM,  Reward!, Null]
[Step 828] Action: [Move to LEFT ARM]
[Step 828] Observation: [LEFT ARM,  Reward!, Null]
[Step 829] Action: [Move to LEFT ARM]
[Step 829] Observation: [LEFT ARM,  Reward!, Null]
[Step 830] Action: [Move to LEFT ARM]
[Step 830] Observation: [LEFT ARM,  Reward!, Null]
[Step 831] Action: [Move to LEFT ARM]
[Step 831] Observation: [LEFT ARM,  Reward!, Null]
[Step 832] Action: [Move to LEFT ARM]
[Step 832] Observation: [LEFT ARM,  Reward!, Null]
[Step 833] Action: [Move to LEFT ARM]
[Step 833] Observation: [LEFT ARM,  Reward!, Null]
[Step 834] Action: [Move to LEFT ARM]
[Step 834] Observation: [LEFT ARM,  Reward!, Null]
[Step 835] Action: [Move to LEFT ARM]
[Step 835] Observation: [LEFT ARM,  Reward!, Null]
[Step 836] Action: [Move to LEFT ARM]
[Step 836] Observation: [LEFT ARM,  Reward!, Null]
[Step 837] Action: [Move to LEFT ARM]
[Step 837] Observation: [LEFT ARM,  Reward!, Null]
[Step 838] Action: [Move to LEFT ARM]
[Step 838] Observation: [LEFT ARM,  Reward!, Null]
[Step 839] Action: [Move to LEFT ARM]
[Step 839] Observation: [LEFT ARM,  Reward!, Null]
[Step 840] Action: [Move to LEFT ARM]
[Step 840] Observation: [LEFT ARM,  Reward!, Null]
[Step 841] Action: [Move to LEFT ARM]
[Step 841] Observation: [LEFT ARM,  Reward!, Null]
[Step 842] Action: [Move to LEFT ARM]
[Step 842] Observation: [LEFT ARM,  Reward!, Null]
[Step 843] Action: [Move to LEFT ARM]
[Step 843] Observation: [LEFT ARM,  Reward!, Null]
[Step 844] Action: [Move to LEFT ARM]
[Step 844] Observation: [LEFT ARM,  Reward!, Null]
[Step 845] Action: [Move to LEFT ARM]
[Step 845] Observation: [LEFT ARM,  Reward!, Null]
[Step 846] Action: [Move to LEFT ARM]
[Step 846] Observation: [LEFT ARM,  Reward!, Null]
[Step 847] Action: [Move to LEFT ARM]
[Step 847] Observation: [LEFT ARM,  Reward!, Null]
[Step 848] Action: [Move to LEFT ARM]
[Step 848] Observation: [LEFT ARM,  Reward!, Null]
[Step 849] Action: [Move to LEFT ARM]
[Step 849] Observation: [LEFT ARM,  Loss!, Null]
[Step 850] Action: [Move to LEFT ARM]
[Step 850] Observation: [LEFT ARM,  Reward!, Null]
[Step 851] Action: [Move to LEFT ARM]
[Step 851] Observation: [LEFT ARM,  Reward!, Null]
[Step 852] Action: [Move to LEFT ARM]
[Step 852] Observation: [LEFT ARM,  Loss!, Null]
[Step 853] Action: [Move to LEFT ARM]
[Step 853] Observation: [LEFT ARM,  Reward!, Null]
[Step 854] Action: [Move to LEFT ARM]
[Step 854] Observation: [LEFT ARM,  Reward!, Null]
[Step 855] Action: [Move to LEFT ARM]
[Step 855] Observation: [LEFT ARM,  Reward!, Null]
[Step 856] Action: [Move to LEFT ARM]
[Step 856] Observation: [LEFT ARM,  Reward!, Null]
[Step 857] Action: [Move to LEFT ARM]
[Step 857] Observation: [LEFT ARM,  Reward!, Null]
[Step 858] Action: [Move to LEFT ARM]
[Step 858] Observation: [LEFT ARM,  Reward!, Null]
[Step 859] Action: [Move to LEFT ARM]
[Step 859] Observation: [LEFT ARM,  Reward!, Null]
[Step 860] Action: [Move to LEFT ARM]
[Step 860] Observation: [LEFT ARM,  Reward!, Null]
[Step 861] Action: [Move to LEFT ARM]
[Step 861] Observation: [LEFT ARM,  Reward!, Null]
[Step 862] Action: [Move to LEFT ARM]
[Step 862] Observation: [LEFT ARM,  Reward!, Null]
[Step 863] Action: [Move to LEFT ARM]
[Step 863] Observation: [LEFT ARM,  Loss!, Null]
[Step 864] Action: [Move to LEFT ARM]
[Step 864] Observation: [LEFT ARM,  Reward!, Null]
[Step 865] Action: [Move to LEFT ARM]
[Step 865] Observation: [LEFT ARM,  Loss!, Null]
[Step 866] Action: [Move to LEFT ARM]
[Step 866] Observation: [LEFT ARM,  Loss!, Null]
[Step 867] Action: [Move to LEFT ARM]
[Step 867] Observation: [LEFT ARM,  Loss!, Null]
[Step 868] Action: [Move to LEFT ARM]
[Step 868] Observation: [LEFT ARM,  Reward!, Null]
[Step 869] Action: [Move to LEFT ARM]
[Step 869] Observation: [LEFT ARM,  Reward!, Null]
[Step 870] Action: [Move to LEFT ARM]
[Step 870] Observation: [LEFT ARM,  Loss!, Null]
[Step 871] Action: [Move to LEFT ARM]
[Step 871] Observation: [LEFT ARM,  Loss!, Null]
[Step 872] Action: [Move to LEFT ARM]
[Step 872] Observation: [LEFT ARM,  Reward!, Null]
[Step 873] Action: [Move to LEFT ARM]
[Step 873] Observation: [LEFT ARM,  Reward!, Null]
[Step 874] Action: [Move to LEFT ARM]
[Step 874] Observation: [LEFT ARM,  Reward!, Null]
[Step 875] Action: [Move to LEFT ARM]
[Step 875] Observation: [LEFT ARM,  Reward!, Null]
[Step 876] Action: [Move to LEFT ARM]
[Step 876] Observation: [LEFT ARM,  Loss!, Null]
[Step 877] Action: [Move to LEFT ARM]
[Step 877] Observation: [LEFT ARM,  Reward!, Null]
[Step 878] Action: [Move to LEFT ARM]
[Step 878] Observation: [LEFT ARM,  Loss!, Null]
[Step 879] Action: [Move to LEFT ARM]
[Step 879] Observation: [LEFT ARM,  Reward!, Null]
[Step 880] Action: [Move to LEFT ARM]
[Step 880] Observation: [LEFT ARM,  Reward!, Null]
[Step 881] Action: [Move to LEFT ARM]
[Step 881] Observation: [LEFT ARM,  Reward!, Null]
[Step 882] Action: [Move to LEFT ARM]
[Step 882] Observation: [LEFT ARM,  Loss!, Null]
[Step 883] Action: [Move to LEFT ARM]
[Step 883] Observation: [LEFT ARM,  Reward!, Null]
[Step 884] Action: [Move to LEFT ARM]
[Step 884] Observation: [LEFT ARM,  Reward!, Null]
[Step 885] Action: [Move to LEFT ARM]
[Step 885] Observation: [LEFT ARM,  Loss!, Null]
[Step 886] Action: [Move to LEFT ARM]
[Step 886] Observation: [LEFT ARM,  Reward!, Null]
[Step 887] Action: [Move to LEFT ARM]
[Step 887] Observation: [LEFT ARM,  Reward!, Null]
[Step 888] Action: [Move to LEFT ARM]
[Step 888] Observation: [LEFT ARM,  Reward!, Null]
[Step 889] Action: [Move to LEFT ARM]
[Step 889] Observation: [LEFT ARM,  Reward!, Null]
[Step 890] Action: [Move to LEFT ARM]
[Step 890] Observation: [LEFT ARM,  Reward!, Null]
[Step 891] Action: [Move to LEFT ARM]
[Step 891] Observation: [LEFT ARM,  Reward!, Null]
[Step 892] Action: [Move to LEFT ARM]
[Step 892] Observation: [LEFT ARM,  Reward!, Null]
[Step 893] Action: [Move to LEFT ARM]
[Step 893] Observation: [LEFT ARM,  Loss!, Null]
[Step 894] Action: [Move to LEFT ARM]
[Step 894] Observation: [LEFT ARM,  Reward!, Null]
[Step 895] Action: [Move to LEFT ARM]
[Step 895] Observation: [LEFT ARM,  Reward!, Null]
[Step 896] Action: [Move to LEFT ARM]
[Step 896] Observation: [LEFT ARM,  Reward!, Null]
[Step 897] Action: [Move to LEFT ARM]
[Step 897] Observation: [LEFT ARM,  Reward!, Null]
[Step 898] Action: [Move to LEFT ARM]
[Step 898] Observation: [LEFT ARM,  Reward!, Null]
[Step 899] Action: [Move to LEFT ARM]
[Step 899] Observation: [LEFT ARM,  Reward!, Null]
[Step 900] Action: [Move to LEFT ARM]
[Step 900] Observation: [LEFT ARM,  Reward!, Null]
[Step 901] Action: [Move to LEFT ARM]
[Step 901] Observation: [LEFT ARM,  Reward!, Null]
[Step 902] Action: [Move to LEFT ARM]
[Step 902] Observation: [LEFT ARM,  Reward!, Null]
[Step 903] Action: [Move to LEFT ARM]
[Step 903] Observation: [LEFT ARM,  Reward!, Null]
[Step 904] Action: [Move to LEFT ARM]
[Step 904] Observation: [LEFT ARM,  Reward!, Null]
[Step 905] Action: [Move to LEFT ARM]
[Step 905] Observation: [LEFT ARM,  Reward!, Null]
[Step 906] Action: [Move to LEFT ARM]
[Step 906] Observation: [LEFT ARM,  Loss!, Null]
[Step 907] Action: [Move to LEFT ARM]
[Step 907] Observation: [LEFT ARM,  Reward!, Null]
[Step 908] Action: [Move to LEFT ARM]
[Step 908] Observation: [LEFT ARM,  Reward!, Null]
[Step 909] Action: [Move to LEFT ARM]
[Step 909] Observation: [LEFT ARM,  Loss!, Null]
[Step 910] Action: [Move to LEFT ARM]
[Step 910] Observation: [LEFT ARM,  Reward!, Null]
[Step 911] Action: [Move to LEFT ARM]
[Step 911] Observation: [LEFT ARM,  Reward!, Null]
[Step 912] Action: [Move to LEFT ARM]
[Step 912] Observation: [LEFT ARM,  Reward!, Null]
[Step 913] Action: [Move to LEFT ARM]
[Step 913] Observation: [LEFT ARM,  Reward!, Null]
[Step 914] Action: [Move to LEFT ARM]
[Step 914] Observation: [LEFT ARM,  Reward!, Null]
[Step 915] Action: [Move to LEFT ARM]
[Step 915] Observation: [LEFT ARM,  Reward!, Null]
[Step 916] Action: [Move to LEFT ARM]
[Step 916] Observation: [LEFT ARM,  Reward!, Null]
[Step 917] Action: [Move to LEFT ARM]
[Step 917] Observation: [LEFT ARM,  Reward!, Null]
[Step 918] Action: [Move to LEFT ARM]
[Step 918] Observation: [LEFT ARM,  Reward!, Null]
[Step 919] Action: [Move to LEFT ARM]
[Step 919] Observation: [LEFT ARM,  Reward!, Null]
[Step 920] Action: [Move to LEFT ARM]
[Step 920] Observation: [LEFT ARM,  Reward!, Null]
[Step 921] Action: [Move to LEFT ARM]
[Step 921] Observation: [LEFT ARM,  Reward!, Null]
[Step 922] Action: [Move to LEFT ARM]
[Step 922] Observation: [LEFT ARM,  Reward!, Null]
[Step 923] Action: [Move to LEFT ARM]
[Step 923] Observation: [LEFT ARM,  Reward!, Null]
[Step 924] Action: [Move to LEFT ARM]
[Step 924] Observation: [LEFT ARM,  Reward!, Null]
[Step 925] Action: [Move to LEFT ARM]
[Step 925] Observation: [LEFT ARM,  Reward!, Null]
[Step 926] Action: [Move to LEFT ARM]
[Step 926] Observation: [LEFT ARM,  Reward!, Null]
[Step 927] Action: [Move to LEFT ARM]
[Step 927] Observation: [LEFT ARM,  Reward!, Null]
[Step 928] Action: [Move to LEFT ARM]
[Step 928] Observation: [LEFT ARM,  Reward!, Null]
[Step 929] Action: [Move to LEFT ARM]
[Step 929] Observation: [LEFT ARM,  Reward!, Null]
[Step 930] Action: [Move to LEFT ARM]
[Step 930] Observation: [LEFT ARM,  Reward!, Null]
[Step 931] Action: [Move to LEFT ARM]
[Step 931] Observation: [LEFT ARM,  Loss!, Null]
[Step 932] Action: [Move to LEFT ARM]
[Step 932] Observation: [LEFT ARM,  Reward!, Null]
[Step 933] Action: [Move to LEFT ARM]
[Step 933] Observation: [LEFT ARM,  Reward!, Null]
[Step 934] Action: [Move to LEFT ARM]
[Step 934] Observation: [LEFT ARM,  Reward!, Null]
[Step 935] Action: [Move to LEFT ARM]
[Step 935] Observation: [LEFT ARM,  Reward!, Null]
[Step 936] Action: [Move to LEFT ARM]
[Step 936] Observation: [LEFT ARM,  Reward!, Null]
[Step 937] Action: [Move to LEFT ARM]
[Step 937] Observation: [LEFT ARM,  Reward!, Null]
[Step 938] Action: [Move to LEFT ARM]
[Step 938] Observation: [LEFT ARM,  Reward!, Null]
[Step 939] Action: [Move to LEFT ARM]
[Step 939] Observation: [LEFT ARM,  Reward!, Null]
[Step 940] Action: [Move to LEFT ARM]
[Step 940] Observation: [LEFT ARM,  Reward!, Null]
[Step 941] Action: [Move to LEFT ARM]
[Step 941] Observation: [LEFT ARM,  Reward!, Null]
[Step 942] Action: [Move to LEFT ARM]
[Step 942] Observation: [LEFT ARM,  Reward!, Null]
[Step 943] Action: [Move to LEFT ARM]
[Step 943] Observation: [LEFT ARM,  Reward!, Null]
[Step 944] Action: [Move to LEFT ARM]
[Step 944] Observation: [LEFT ARM,  Reward!, Null]
[Step 945] Action: [Move to LEFT ARM]
[Step 945] Observation: [LEFT ARM,  Reward!, Null]
[Step 946] Action: [Move to LEFT ARM]
[Step 946] Observation: [LEFT ARM,  Reward!, Null]
[Step 947] Action: [Move to LEFT ARM]
[Step 947] Observation: [LEFT ARM,  Reward!, Null]
[Step 948] Action: [Move to LEFT ARM]
[Step 948] Observation: [LEFT ARM,  Reward!, Null]
[Step 949] Action: [Move to LEFT ARM]
[Step 949] Observation: [LEFT ARM,  Reward!, Null]
[Step 950] Action: [Move to LEFT ARM]
[Step 950] Observation: [LEFT ARM,  Reward!, Null]
[Step 951] Action: [Move to LEFT ARM]
[Step 951] Observation: [LEFT ARM,  Loss!, Null]
[Step 952] Action: [Move to LEFT ARM]
[Step 952] Observation: [LEFT ARM,  Reward!, Null]
[Step 953] Action: [Move to LEFT ARM]
[Step 953] Observation: [LEFT ARM,  Reward!, Null]
[Step 954] Action: [Move to LEFT ARM]
[Step 954] Observation: [LEFT ARM,  Reward!, Null]
[Step 955] Action: [Move to LEFT ARM]
[Step 955] Observation: [LEFT ARM,  Reward!, Null]
[Step 956] Action: [Move to LEFT ARM]
[Step 956] Observation: [LEFT ARM,  Reward!, Null]
[Step 957] Action: [Move to LEFT ARM]
[Step 957] Observation: [LEFT ARM,  Reward!, Null]
[Step 958] Action: [Move to LEFT ARM]
[Step 958] Observation: [LEFT ARM,  Reward!, Null]
[Step 959] Action: [Move to LEFT ARM]
[Step 959] Observation: [LEFT ARM,  Reward!, Null]
[Step 960] Action: [Move to LEFT ARM]
[Step 960] Observation: [LEFT ARM,  Reward!, Null]
[Step 961] Action: [Move to LEFT ARM]
[Step 961] Observation: [LEFT ARM,  Reward!, Null]
[Step 962] Action: [Move to LEFT ARM]
[Step 962] Observation: [LEFT ARM,  Reward!, Null]
[Step 963] Action: [Move to LEFT ARM]
[Step 963] Observation: [LEFT ARM,  Reward!, Null]
[Step 964] Action: [Move to LEFT ARM]
[Step 964] Observation: [LEFT ARM,  Reward!, Null]
[Step 965] Action: [Move to LEFT ARM]
[Step 965] Observation: [LEFT ARM,  Loss!, Null]
[Step 966] Action: [Move to LEFT ARM]
[Step 966] Observation: [LEFT ARM,  Reward!, Null]
[Step 967] Action: [Move to LEFT ARM]
[Step 967] Observation: [LEFT ARM,  Reward!, Null]
[Step 968] Action: [Move to LEFT ARM]
[Step 968] Observation: [LEFT ARM,  Reward!, Null]
[Step 969] Action: [Move to LEFT ARM]
[Step 969] Observation: [LEFT ARM,  Reward!, Null]
[Step 970] Action: [Move to LEFT ARM]
[Step 970] Observation: [LEFT ARM,  Reward!, Null]
[Step 971] Action: [Move to LEFT ARM]
[Step 971] Observation: [LEFT ARM,  Reward!, Null]
[Step 972] Action: [Move to LEFT ARM]
[Step 972] Observation: [LEFT ARM,  Reward!, Null]
[Step 973] Action: [Move to LEFT ARM]
[Step 973] Observation: [LEFT ARM,  Reward!, Null]
[Step 974] Action: [Move to LEFT ARM]
[Step 974] Observation: [LEFT ARM,  Reward!, Null]
[Step 975] Action: [Move to LEFT ARM]
[Step 975] Observation: [LEFT ARM,  Loss!, Null]
[Step 976] Action: [Move to LEFT ARM]
[Step 976] Observation: [LEFT ARM,  Reward!, Null]
[Step 977] Action: [Move to LEFT ARM]
[Step 977] Observation: [LEFT ARM,  Reward!, Null]
[Step 978] Action: [Move to LEFT ARM]
[Step 978] Observation: [LEFT ARM,  Reward!, Null]
[Step 979] Action: [Move to LEFT ARM]
[Step 979] Observation: [LEFT ARM,  Reward!, Null]
[Step 980] Action: [Move to LEFT ARM]
[Step 980] Observation: [LEFT ARM,  Reward!, Null]
[Step 981] Action: [Move to LEFT ARM]
[Step 981] Observation: [LEFT ARM,  Reward!, Null]
[Step 982] Action: [Move to LEFT ARM]
[Step 982] Observation: [LEFT ARM,  Reward!, Null]
[Step 983] Action: [Move to LEFT ARM]
[Step 983] Observation: [LEFT ARM,  Reward!, Null]
[Step 984] Action: [Move to LEFT ARM]
[Step 984] Observation: [LEFT ARM,  Reward!, Null]
[Step 985] Action: [Move to LEFT ARM]
[Step 985] Observation: [LEFT ARM,  Loss!, Null]
[Step 986] Action: [Move to LEFT ARM]
[Step 986] Observation: [LEFT ARM,  Loss!, Null]
[Step 987] Action: [Move to LEFT ARM]
[Step 987] Observation: [LEFT ARM,  Reward!, Null]
[Step 988] Action: [Move to LEFT ARM]
[Step 988] Observation: [LEFT ARM,  Reward!, Null]
[Step 989] Action: [Move to LEFT ARM]
[Step 989] Observation: [LEFT ARM,  Reward!, Null]
[Step 990] Action: [Move to LEFT ARM]
[Step 990] Observation: [LEFT ARM,  Reward!, Null]
[Step 991] Action: [Move to LEFT ARM]
[Step 991] Observation: [LEFT ARM,  Reward!, Null]
[Step 992] Action: [Move to LEFT ARM]
[Step 992] Observation: [LEFT ARM,  Reward!, Null]
[Step 993] Action: [Move to LEFT ARM]
[Step 993] Observation: [LEFT ARM,  Loss!, Null]
[Step 994] Action: [Move to LEFT ARM]
[Step 994] Observation: [LEFT ARM,  Reward!, Null]
[Step 995] Action: [Move to LEFT ARM]
[Step 995] Observation: [LEFT ARM,  Reward!, Null]
[Step 996] Action: [Move to LEFT ARM]
[Step 996] Observation: [LEFT ARM,  Loss!, Null]
[Step 997] Action: [Move to LEFT ARM]
[Step 997] Observation: [LEFT ARM,  Reward!, Null]
[Step 998] Action: [Move to LEFT ARM]
[Step 998] Observation: [LEFT ARM,  Reward!, Null]
[Step 999] Action: [Move to LEFT ARM]
[Step 999] Observation: [LEFT ARM,  Reward!, Null]
