Traceback (most recent call last):
  File "/Users/4d/Documents/GitHub/template/projects/pymdp/.venv/lib/python3.12/site-packages/jupyter_cache/executors/utils.py", line 58, in single_nb_execution
    executenb(
  File "/Users/4d/Documents/GitHub/template/projects/pymdp/.venv/lib/python3.12/site-packages/nbclient/client.py", line 1305, in execute
    return NotebookClient(nb=nb, resources=resources, km=km, **kwargs).execute()
           ^^^^^^^^^^^^^^^^^^^^^^^^^^^^^^^^^^^^^^^^^^^^^^^^^^^^^^^^^^^^^^^^^^^^^
  File "/Users/4d/Documents/GitHub/template/projects/pymdp/.venv/lib/python3.12/site-packages/jupyter_core/utils/__init__.py", line 165, in wrapped
    return loop.run_until_complete(inner)
           ^^^^^^^^^^^^^^^^^^^^^^^^^^^^^^
  File "/Users/4d/miniforge3/lib/python3.12/asyncio/base_events.py", line 691, in run_until_complete
    return future.result()
           ^^^^^^^^^^^^^^^
  File "/Users/4d/Documents/GitHub/template/projects/pymdp/.venv/lib/python3.12/site-packages/nbclient/client.py", line 705, in async_execute
    await self.async_execute_cell(
  File "/Users/4d/Documents/GitHub/template/projects/pymdp/.venv/lib/python3.12/site-packages/nbclient/client.py", line 1058, in async_execute_cell
    await self._check_raise_for_error(cell, cell_index, exec_reply)
  File "/Users/4d/Documents/GitHub/template/projects/pymdp/.venv/lib/python3.12/site-packages/nbclient/client.py", line 914, in _check_raise_for_error
    raise CellExecutionError.from_cell_and_msg(cell, exec_reply_content)
nbclient.exceptions.CellExecutionError: An error occurred while executing the following cell:
------------------
sampled_outcome = utils.sample(my_categorical)
print(f'Sampled outcome: {sampled_outcome}')
------------------


[31m---------------------------------------------------------------------------[39m
[31mAttributeError[39m                            Traceback (most recent call last)
[36mCell[39m[36m [39m[32mIn[6][39m[32m, line 1[39m
[32m----> [39m[32m1[39m sampled_outcome = [43mutils[49m[43m.[49m[43msample[49m(my_categorical)
[32m      2[39m [38;5;28mprint[39m([33mf[39m[33m'[39m[33mSampled outcome: [39m[38;5;132;01m{[39;00msampled_outcome[38;5;132;01m}[39;00m[33m'[39m)

[31mAttributeError[39m: module 'pymdp.utils' has no attribute 'sample'

