Traceback (most recent call last):
  File "/Users/4d/Documents/GitHub/template/projects/pymdp/.venv/lib/python3.12/site-packages/jupyter_cache/executors/utils.py", line 58, in single_nb_execution
    executenb(
  File "/Users/4d/Documents/GitHub/template/projects/pymdp/.venv/lib/python3.12/site-packages/nbclient/client.py", line 1305, in execute
    return NotebookClient(nb=nb, resources=resources, km=km, **kwargs).execute()
           ^^^^^^^^^^^^^^^^^^^^^^^^^^^^^^^^^^^^^^^^^^^^^^^^^^^^^^^^^^^^^^^^^^^^^
  File "/Users/4d/Documents/GitHub/template/projects/pymdp/.venv/lib/python3.12/site-packages/jupyter_core/utils/__init__.py", line 165, in wrapped
    return loop.run_until_complete(inner)
           ^^^^^^^^^^^^^^^^^^^^^^^^^^^^^^
  File "/Users/4d/miniforge3/lib/python3.12/asyncio/base_events.py", line 691, in run_until_complete
    return future.result()
           ^^^^^^^^^^^^^^^
  File "/Users/4d/Documents/GitHub/template/projects/pymdp/.venv/lib/python3.12/site-packages/nbclient/client.py", line 705, in async_execute
    await self.async_execute_cell(
  File "/Users/4d/Documents/GitHub/template/projects/pymdp/.venv/lib/python3.12/site-packages/nbclient/client.py", line 1058, in async_execute_cell
    await self._check_raise_for_error(cell, cell_index, exec_reply)
  File "/Users/4d/Documents/GitHub/template/projects/pymdp/.venv/lib/python3.12/site-packages/nbclient/client.py", line 914, in _check_raise_for_error
    raise CellExecutionError.from_cell_and_msg(cell, exec_reply_content)
nbclient.exceptions.CellExecutionError: An error occurred while executing the following cell:
------------------
import copy

from pymdp.agent import Agent
from pymdp.utils import plot_beliefs, plot_likelihood
from pymdp import utils
from pymdp.envs import TMazeEnv
------------------


[31m---------------------------------------------------------------------------[39m
[31mImportError[39m                               Traceback (most recent call last)
[36mCell[39m[36m [39m[32mIn[2][39m[32m, line 4[39m
[32m      1[39m [38;5;28;01mimport[39;00m[38;5;250m [39m[34;01mcopy[39;00m
[32m      3[39m [38;5;28;01mfrom[39;00m[38;5;250m [39m[34;01mpymdp[39;00m[34;01m.[39;00m[34;01magent[39;00m[38;5;250m [39m[38;5;28;01mimport[39;00m Agent
[32m----> [39m[32m4[39m [38;5;28;01mfrom[39;00m[38;5;250m [39m[34;01mpymdp[39;00m[34;01m.[39;00m[34;01mutils[39;00m[38;5;250m [39m[38;5;28;01mimport[39;00m plot_beliefs, plot_likelihood
[32m      5[39m [38;5;28;01mfrom[39;00m[38;5;250m [39m[34;01mpymdp[39;00m[38;5;250m [39m[38;5;28;01mimport[39;00m utils
[32m      6[39m [38;5;28;01mfrom[39;00m[38;5;250m [39m[34;01mpymdp[39;00m[34;01m.[39;00m[34;01menvs[39;00m[38;5;250m [39m[38;5;28;01mimport[39;00m TMazeEnv

[31mImportError[39m: cannot import name 'plot_beliefs' from 'pymdp.utils' (/Users/4d/Documents/GitHub/template/projects/pymdp/pymdp/utils.py)

